[INFO] 18:32:50:893 Consola Log/(28963:28963): Se generó correctamente el logger
[INFO] 18:32:50:894 Consola Log/(28963:28963): Se generó correctamente la configuracion
[INFO] 18:32:50:895 Consola Log/(28963:28963): Se generó correctamente la conexion
[INFO] 18:32:50:895 Consola Log/(28963:28963): 127.0.0.1
[INFO] 18:32:50:895 Consola Log/(28963:28963): 4444
[ERROR] 18:32:50:896 Consola Log/(28963:28963): Cantidad erronea de parametros
[INFO] 18:33:30:565 Consola Log/(29043:29043): Se generó correctamente el logger
[INFO] 18:33:30:565 Consola Log/(29043:29043): Se generó correctamente la configuracion
[INFO] 18:33:30:566 Consola Log/(29043:29043): Se generó correctamente la conexion
[INFO] 18:33:30:566 Consola Log/(29043:29043): 127.0.0.1
[INFO] 18:33:30:566 Consola Log/(29043:29043): 4444
[INFO] 18:34:20:550 Consola Log/(29091:29091): Se generó correctamente el logger
[INFO] 18:34:20:551 Consola Log/(29091:29091): Se generó correctamente la configuracion
[INFO] 18:34:20:552 Consola Log/(29091:29091): Se generó correctamente la conexion
[INFO] 18:34:20:552 Consola Log/(29091:29091): 127.0.0.1
[INFO] 18:34:20:552 Consola Log/(29091:29091): 4444
[INFO] 18:37:32:718 Consola Log/(29515:29515): Se generó correctamente el logger
[INFO] 18:37:32:719 Consola Log/(29515:29515): Se generó correctamente la configuracion
[INFO] 18:37:32:720 Consola Log/(29515:29515): Se generó correctamente la conexion
[INFO] 18:37:32:721 Consola Log/(29515:29515): 127.0.0.1
[INFO] 18:37:32:721 Consola Log/(29515:29515): 8000
[INFO] 18:37:32:724 Consola Log/(29515:29515): Finalizo correctamente el programa
[DEBUG] 18:37:32:724 Consola Log/(29515:29515): Archivo de configuracion cerrado
[DEBUG] 18:37:32:725 Consola Log/(29515:29515): Terminando el Log
[INFO] 16:22:27:804 Consola Log/(22181:22181): Se generó correctamente el logger
[INFO] 16:22:27:805 Consola Log/(22181:22181): Se generó correctamente la configuracion
[INFO] 16:22:27:806 Consola Log/(22181:22181): Se generó correctamente la conexion
[INFO] 16:22:27:806 Consola Log/(22181:22181): 127.0.0.1
[INFO] 16:22:27:806 Consola Log/(22181:22181): 8000
[ERROR] 16:22:27:806 Consola Log/(22181:22181): Cantidad erronea de parametros
[INFO] 16:22:52:042 Consola Log/(22241:22241): Se generó correctamente el logger
[INFO] 16:22:52:043 Consola Log/(22241:22241): Se generó correctamente la configuracion
[INFO] 16:22:52:043 Consola Log/(22241:22241): Se generó correctamente la conexion
[INFO] 16:22:52:043 Consola Log/(22241:22241): 127.0.0.1
[INFO] 16:22:52:043 Consola Log/(22241:22241): 8000
[ERROR] 16:22:52:043 Consola Log/(22241:22241): Cantidad erronea de parametros
[INFO] 19:03:17:308 Consola Log/(5609:5609): Se generó correctamente el logger
[INFO] 19:03:17:309 Consola Log/(5609:5609): Se generó correctamente la configuracion
[INFO] 19:03:17:309 Consola Log/(5609:5609): Se generó correctamente la conexion
[INFO] 19:03:17:309 Consola Log/(5609:5609): 127.0.0.1
[INFO] 19:03:17:309 Consola Log/(5609:5609): 8000
[INFO] 19:03:17:309 Consola Log/(5609:5609): Finalizo correctamente el programa
[DEBUG] 19:03:17:310 Consola Log/(5609:5609): Archivo de configuracion cerrado
[DEBUG] 19:03:17:310 Consola Log/(5609:5609): Terminando el Log
[INFO] 19:32:46:389 Consola Log/(9830:9830): Se generó correctamente el logger
[INFO] 19:32:46:390 Consola Log/(9830:9830): Se generó correctamente la configuracion
[INFO] 19:32:46:390 Consola Log/(9830:9830): Se generó correctamente la conexion
[INFO] 19:32:46:390 Consola Log/(9830:9830): 127.0.0.1
[INFO] 19:32:46:390 Consola Log/(9830:9830): 8000
[INFO] 19:32:46:392 Consola Log/(9830:9830): Finalizo correctamente el programa
[DEBUG] 19:32:46:392 Consola Log/(9830:9830): Archivo de configuracion cerrado
[DEBUG] 19:32:46:392 Consola Log/(9830:9830): Terminando el Log
[INFO] 19:34:43:073 Consola Log/(10169:10169): Se generó correctamente el logger
[INFO] 19:34:43:098 Consola Log/(10169:10169): Se generó correctamente la configuracion
[INFO] 19:34:43:098 Consola Log/(10169:10169): Se generó correctamente la conexion
[INFO] 19:34:43:098 Consola Log/(10169:10169): 127.0.0.1
[INFO] 19:34:43:098 Consola Log/(10169:10169): 8000
[INFO] 19:34:43:098 Consola Log/(10169:10169): Finalizo correctamente el programa
[DEBUG] 19:34:43:098 Consola Log/(10169:10169): Archivo de configuracion cerrado
[DEBUG] 19:34:43:099 Consola Log/(10169:10169): Terminando el Log
[INFO] 19:36:00:481 Consola Log/(10327:10327): Se generó correctamente el logger
[INFO] 19:36:00:487 Consola Log/(10327:10327): Se generó correctamente la configuracion
[INFO] 19:36:00:487 Consola Log/(10327:10327): Se generó correctamente la conexion
[INFO] 19:36:00:487 Consola Log/(10327:10327): 127.0.0.1
[INFO] 19:36:00:487 Consola Log/(10327:10327): 8000
[INFO] 19:36:00:487 Consola Log/(10327:10327): Finalizo correctamente el programa
[DEBUG] 19:36:00:487 Consola Log/(10327:10327): Archivo de configuracion cerrado
[DEBUG] 19:36:00:487 Consola Log/(10327:10327): Terminando el Log
[INFO] 19:47:02:896 Consola Log/(4085:4085): Se generó correctamente el logger
[INFO] 19:47:02:898 Consola Log/(4085:4085): Se generó correctamente la configuracion
[INFO] 19:47:02:898 Consola Log/(4085:4085): Se generó correctamente la conexion
[INFO] 19:47:02:898 Consola Log/(4085:4085): 127.0.0.1
[INFO] 19:47:02:898 Consola Log/(4085:4085): 8000
[INFO] 19:47:02:899 Consola Log/(4085:4085): Finalizo correctamente el programa
[DEBUG] 19:47:02:899 Consola Log/(4085:4085): Archivo de configuracion cerrado
[DEBUG] 19:47:02:899 Consola Log/(4085:4085): Terminando el Log
[INFO] 20:09:25:179 Consola Log/(10999:10999): Se generó correctamente el logger
[INFO] 20:09:25:180 Consola Log/(10999:10999): Se generó correctamente la configuracion
[INFO] 20:09:25:180 Consola Log/(10999:10999): Se generó correctamente la conexion
[INFO] 20:09:25:181 Consola Log/(10999:10999): 127.0.0.1
[INFO] 20:09:25:181 Consola Log/(10999:10999): 8000
[ERROR] 20:09:25:181 Consola Log/(10999:10999): Cantidad erronea de parametros
[INFO] 20:52:30:520 Consola Log/(15830:15830): Se generó correctamente el logger
[INFO] 20:52:30:521 Consola Log/(15830:15830): Se generó correctamente la configuracion
[INFO] 20:52:30:521 Consola Log/(15830:15830): Se generó correctamente la conexion
[INFO] 20:52:30:523 Consola Log/(15830:15830): 127.0.0.1
[INFO] 20:52:30:523 Consola Log/(15830:15830): 8000
[ERROR] 20:52:30:523 Consola Log/(15830:15830): Cantidad erronea de parametros
[INFO] 20:52:39:151 Consola Log/(15845:15845): Se generó correctamente el logger
[INFO] 20:52:39:152 Consola Log/(15845:15845): Se generó correctamente la configuracion
[INFO] 20:52:39:152 Consola Log/(15845:15845): Se generó correctamente la conexion
[INFO] 20:52:39:153 Consola Log/(15845:15845): 127.0.0.1
[INFO] 20:52:39:153 Consola Log/(15845:15845): 8000
[ERROR] 20:52:39:153 Consola Log/(15845:15845): Cantidad erronea de parametros
[INFO] 20:52:48:949 Consola Log/(15859:15859): Se generó correctamente el logger
[INFO] 20:52:48:950 Consola Log/(15859:15859): Se generó correctamente la configuracion
[INFO] 20:52:48:950 Consola Log/(15859:15859): Se generó correctamente la conexion
[INFO] 20:52:48:951 Consola Log/(15859:15859): 127.0.0.1
[INFO] 20:52:48:951 Consola Log/(15859:15859): 8000
[ERROR] 20:52:48:951 Consola Log/(15859:15859): Cantidad erronea de parametros
[INFO] 20:54:07:606 Consola Log/(16045:16045): Se generó correctamente el logger
[INFO] 20:54:07:607 Consola Log/(16045:16045): Se generó correctamente la configuracion
[INFO] 20:54:07:607 Consola Log/(16045:16045): Se generó correctamente la conexion
[INFO] 20:54:07:607 Consola Log/(16045:16045): 127.0.0.1
[INFO] 20:54:07:608 Consola Log/(16045:16045): 8000
[INFO] 20:54:07:610 Consola Log/(16045:16045): Finalizo correctamente el programa
[DEBUG] 20:54:07:611 Consola Log/(16045:16045): Archivo de configuracion cerrado
[DEBUG] 20:54:07:611 Consola Log/(16045:16045): Terminando el Log
[INFO] 21:02:38:557 Consola Log/(17261:17261): Se generó correctamente el logger
[INFO] 21:02:38:558 Consola Log/(17261:17261): Se generó correctamente la configuracion
[INFO] 21:02:38:559 Consola Log/(17261:17261): Se generó correctamente la conexion
[INFO] 21:02:38:559 Consola Log/(17261:17261): 127.0.0.1
[INFO] 21:02:38:560 Consola Log/(17261:17261): 8000
[INFO] 21:02:38:564 Consola Log/(17261:17261): Finalizo correctamente el programa
[DEBUG] 21:02:38:565 Consola Log/(17261:17261): Archivo de configuracion cerrado
[DEBUG] 21:02:38:565 Consola Log/(17261:17261): Terminando el Log
[INFO] 21:05:50:406 Consola Log/(17559:17559): Se generó correctamente el logger
[INFO] 21:05:50:407 Consola Log/(17559:17559): Se generó correctamente la configuracion
[INFO] 21:05:50:407 Consola Log/(17559:17559): Se generó correctamente la conexion
[INFO] 21:05:50:408 Consola Log/(17559:17559): 127.0.0.1
[INFO] 21:05:50:408 Consola Log/(17559:17559): 8000
[INFO] 21:05:50:410 Consola Log/(17559:17559): Finalizo correctamente el programa
[DEBUG] 21:05:50:411 Consola Log/(17559:17559): Archivo de configuracion cerrado
[DEBUG] 21:05:50:411 Consola Log/(17559:17559): Terminando el Log
[INFO] 21:05:56:022 Consola Log/(17567:17567): Se generó correctamente el logger
[INFO] 21:05:56:022 Consola Log/(17567:17567): Se generó correctamente la configuracion
[INFO] 21:05:56:023 Consola Log/(17567:17567): Se generó correctamente la conexion
[INFO] 21:05:56:023 Consola Log/(17567:17567): 127.0.0.1
[INFO] 21:05:56:023 Consola Log/(17567:17567): 8000
[INFO] 21:05:56:030 Consola Log/(17567:17567): Finalizo correctamente el programa
[DEBUG] 21:05:56:030 Consola Log/(17567:17567): Archivo de configuracion cerrado
[DEBUG] 21:05:56:031 Consola Log/(17567:17567): Terminando el Log
[INFO] 21:06:04:225 Consola Log/(17583:17583): Se generó correctamente el logger
[INFO] 21:06:04:225 Consola Log/(17583:17583): Se generó correctamente la configuracion
[INFO] 21:06:04:226 Consola Log/(17583:17583): Se generó correctamente la conexion
[INFO] 21:06:04:226 Consola Log/(17583:17583): 127.0.0.1
[INFO] 21:06:04:226 Consola Log/(17583:17583): 8000
[INFO] 21:06:04:228 Consola Log/(17583:17583): Finalizo correctamente el programa
[DEBUG] 21:06:04:228 Consola Log/(17583:17583): Archivo de configuracion cerrado
[DEBUG] 21:06:04:228 Consola Log/(17583:17583): Terminando el Log
[INFO] 21:06:05:969 Consola Log/(17585:17585): Se generó correctamente el logger
[INFO] 21:06:05:969 Consola Log/(17585:17585): Se generó correctamente la configuracion
[INFO] 21:06:05:970 Consola Log/(17585:17585): Se generó correctamente la conexion
[INFO] 21:06:05:970 Consola Log/(17585:17585): 127.0.0.1
[INFO] 21:06:05:970 Consola Log/(17585:17585): 8000
[INFO] 21:06:05:973 Consola Log/(17585:17585): Finalizo correctamente el programa
[DEBUG] 21:06:05:973 Consola Log/(17585:17585): Archivo de configuracion cerrado
[DEBUG] 21:06:05:973 Consola Log/(17585:17585): Terminando el Log
[INFO] 21:16:21:749 Consola Log/(19068:19068): Se generó correctamente el logger
[INFO] 21:16:21:749 Consola Log/(19068:19068): Se generó correctamente la configuracion
[INFO] 21:16:21:749 Consola Log/(19068:19068): Se generó correctamente la conexion
[INFO] 21:16:21:750 Consola Log/(19068:19068): 127.0.0.1
[INFO] 21:16:21:750 Consola Log/(19068:19068): 8000
[INFO] 21:16:21:752 Consola Log/(19068:19068): Finalizo correctamente el programa
[DEBUG] 21:16:21:753 Consola Log/(19068:19068): Archivo de configuracion cerrado
[DEBUG] 21:16:21:753 Consola Log/(19068:19068): Terminando el Log
[INFO] 21:26:44:591 Consola Log/(20412:20412): Se generó correctamente el logger
[INFO] 21:26:44:591 Consola Log/(20412:20412): Se generó correctamente la configuracion
[INFO] 21:26:44:592 Consola Log/(20412:20412): Se generó correctamente la conexion
[INFO] 21:26:44:592 Consola Log/(20412:20412): 127.0.0.1
[INFO] 21:26:44:592 Consola Log/(20412:20412): 8000
[INFO] 21:26:44:595 Consola Log/(20412:20412): Finalizo correctamente el programa
[DEBUG] 21:26:44:596 Consola Log/(20412:20412): Archivo de configuracion cerrado
[DEBUG] 21:26:44:597 Consola Log/(20412:20412): Terminando el Log
[INFO] 21:29:08:618 Consola Log/(20709:20709): Se generó correctamente el logger
[INFO] 21:29:08:618 Consola Log/(20709:20709): Se generó correctamente la configuracion
[INFO] 21:29:08:619 Consola Log/(20709:20709): Se generó correctamente la conexion
[INFO] 21:29:08:620 Consola Log/(20709:20709): 127.0.0.1
[INFO] 21:29:08:624 Consola Log/(20709:20709): 8000
[INFO] 21:29:08:627 Consola Log/(20709:20709): Finalizo correctamente el programa
[DEBUG] 21:29:08:628 Consola Log/(20709:20709): Archivo de configuracion cerrado
[DEBUG] 21:29:08:628 Consola Log/(20709:20709): Terminando el Log
[INFO] 21:30:49:618 Consola Log/(20945:20945): Se generó correctamente el logger
[INFO] 21:30:49:618 Consola Log/(20945:20945): Se generó correctamente la configuracion
[INFO] 21:30:49:619 Consola Log/(20945:20945): Se generó correctamente la conexion
[INFO] 21:30:49:619 Consola Log/(20945:20945): 127.0.0.1
[INFO] 21:30:49:623 Consola Log/(20945:20945): 8000
[INFO] 21:30:49:627 Consola Log/(20945:20945): Finalizo correctamente el programa
[DEBUG] 21:30:49:628 Consola Log/(20945:20945): Archivo de configuracion cerrado
[DEBUG] 21:30:49:628 Consola Log/(20945:20945): Terminando el Log
[INFO] 21:31:19:855 Consola Log/(20990:20990): Se generó correctamente el logger
[INFO] 21:31:19:856 Consola Log/(20990:20990): Se generó correctamente la configuracion
[INFO] 21:31:19:856 Consola Log/(20990:20990): Se generó correctamente la conexion
[INFO] 21:31:19:857 Consola Log/(20990:20990): 127.0.0.1
[INFO] 21:31:19:862 Consola Log/(20990:20990): 8000
[INFO] 21:31:19:866 Consola Log/(20990:20990): Finalizo correctamente el programa
[DEBUG] 21:31:19:866 Consola Log/(20990:20990): Archivo de configuracion cerrado
[DEBUG] 21:31:19:866 Consola Log/(20990:20990): Terminando el Log
[INFO] 21:32:05:131 Consola Log/(21066:21066): Se generó correctamente el logger
[INFO] 21:32:05:131 Consola Log/(21066:21066): Se generó correctamente la configuracion
[INFO] 21:32:05:132 Consola Log/(21066:21066): Se generó correctamente la conexion
[INFO] 21:32:05:132 Consola Log/(21066:21066): 127.0.0.1
[INFO] 21:32:05:132 Consola Log/(21066:21066): 8000
[INFO] 21:32:05:135 Consola Log/(21066:21066): Finalizo correctamente el programa
[DEBUG] 21:32:05:135 Consola Log/(21066:21066): Archivo de configuracion cerrado
[DEBUG] 21:32:05:135 Consola Log/(21066:21066): Terminando el Log
[INFO] 21:34:02:630 Consola Log/(21332:21332): Se generó correctamente el logger
[INFO] 21:34:02:631 Consola Log/(21332:21332): Se generó correctamente la configuracion
[INFO] 21:34:02:631 Consola Log/(21332:21332): Se generó correctamente la conexion
[INFO] 21:34:02:631 Consola Log/(21332:21332): 127.0.0.1
[INFO] 21:34:02:632 Consola Log/(21332:21332): 8000
[INFO] 21:34:02:634 Consola Log/(21332:21332): Finalizo correctamente el programa
[DEBUG] 21:34:02:634 Consola Log/(21332:21332): Archivo de configuracion cerrado
[DEBUG] 21:34:02:635 Consola Log/(21332:21332): Terminando el Log
[INFO] 21:36:28:789 Consola Log/(21712:21712): Se generó correctamente el logger
[INFO] 21:36:28:790 Consola Log/(21712:21712): Se generó correctamente la configuracion
[INFO] 21:36:28:790 Consola Log/(21712:21712): Se generó correctamente la conexion
[INFO] 21:36:28:791 Consola Log/(21712:21712): 127.0.0.1
[INFO] 21:36:28:791 Consola Log/(21712:21712): 8000
[INFO] 21:36:28:793 Consola Log/(21712:21712): Finalizo correctamente el programa
[DEBUG] 21:36:28:793 Consola Log/(21712:21712): Archivo de configuracion cerrado
[DEBUG] 21:36:28:794 Consola Log/(21712:21712): Terminando el Log
[INFO] 21:40:52:120 Consola Log/(22365:22365): Se generó correctamente el logger
[INFO] 21:40:52:121 Consola Log/(22365:22365): Se generó correctamente la configuracion
[INFO] 21:40:52:121 Consola Log/(22365:22365): Se generó correctamente la conexion
[INFO] 21:40:52:122 Consola Log/(22365:22365): 127.0.0.1
[INFO] 21:40:52:122 Consola Log/(22365:22365): 8000
[INFO] 21:40:52:124 Consola Log/(22365:22365): Finalizo correctamente el programa
[DEBUG] 21:40:52:125 Consola Log/(22365:22365): Archivo de configuracion cerrado
[DEBUG] 21:40:52:125 Consola Log/(22365:22365): Terminando el Log
[INFO] 23:17:05:024 Consola Log/(30333:30333): Se generó correctamente el logger
[INFO] 23:17:05:024 Consola Log/(30333:30333): Se generó correctamente la configuracion
[INFO] 23:17:05:025 Consola Log/(30333:30333): Se generó correctamente la conexion
[INFO] 23:17:05:025 Consola Log/(30333:30333): 127.0.0.1
[INFO] 23:17:05:026 Consola Log/(30333:30333): 8000
[INFO] 23:17:05:034 Consola Log/(30333:30333): Finalizo correctamente el programa
[DEBUG] 23:17:05:034 Consola Log/(30333:30333): Archivo de configuracion cerrado
[DEBUG] 23:17:05:035 Consola Log/(30333:30333): Terminando el Log
[INFO] 17:03:29:008 Consola Log/(355:355): Se generó correctamente el logger
[INFO] 17:03:29:009 Consola Log/(355:355): Se generó correctamente la configuracion
[INFO] 17:03:29:009 Consola Log/(355:355): Se generó correctamente la conexion
[INFO] 17:03:29:010 Consola Log/(355:355): 127.0.0.1
[INFO] 17:03:29:010 Consola Log/(355:355): 8000
[INFO] 17:03:29:018 Consola Log/(355:355): Finalizo correctamente el programa
[DEBUG] 17:03:29:019 Consola Log/(355:355): Archivo de configuracion cerrado
[DEBUG] 17:03:29:021 Consola Log/(355:355): Terminando el Log
[INFO] 18:12:08:806 Consola Log/(9161:9161): Se generó correctamente el logger
[INFO] 18:12:08:807 Consola Log/(9161:9161): Se generó correctamente la configuracion
[INFO] 18:12:08:808 Consola Log/(9161:9161): Se generó correctamente la conexion
[INFO] 18:12:08:809 Consola Log/(9161:9161): 127.0.0.1
[INFO] 18:12:08:809 Consola Log/(9161:9161): 8000
[INFO] 18:12:55:519 Consola Log/(9259:9259): Se generó correctamente el logger
[INFO] 18:12:55:519 Consola Log/(9259:9259): Se generó correctamente la configuracion
[INFO] 18:12:55:520 Consola Log/(9259:9259): Se generó correctamente la conexion
[INFO] 18:12:55:520 Consola Log/(9259:9259): 127.0.0.1
[INFO] 18:12:55:520 Consola Log/(9259:9259): 8000
[ERROR] 18:12:55:521 Consola Log/(9259:9259): Cantidad erronea de parametros
[INFO] 18:12:58:661 Consola Log/(9267:9267): Se generó correctamente el logger
[INFO] 18:12:58:661 Consola Log/(9267:9267): Se generó correctamente la configuracion
[INFO] 18:12:58:662 Consola Log/(9267:9267): Se generó correctamente la conexion
[INFO] 18:12:58:662 Consola Log/(9267:9267): 127.0.0.1
[INFO] 18:12:58:663 Consola Log/(9267:9267): 8000
[ERROR] 18:12:58:663 Consola Log/(9267:9267): Cantidad erronea de parametros
[INFO] 18:13:04:096 Consola Log/(9280:9280): Se generó correctamente el logger
[INFO] 18:13:04:096 Consola Log/(9280:9280): Se generó correctamente la configuracion
[INFO] 18:13:04:097 Consola Log/(9280:9280): Se generó correctamente la conexion
[INFO] 18:13:04:097 Consola Log/(9280:9280): 127.0.0.1
[INFO] 18:13:04:097 Consola Log/(9280:9280): 8000
[ERROR] 18:13:04:098 Consola Log/(9280:9280): Cantidad erronea de parametros
[INFO] 18:13:19:379 Consola Log/(9317:9317): Se generó correctamente el logger
[INFO] 18:13:19:379 Consola Log/(9317:9317): Se generó correctamente la configuracion
[INFO] 18:13:19:380 Consola Log/(9317:9317): Se generó correctamente la conexion
[INFO] 18:13:19:380 Consola Log/(9317:9317): 127.0.0.1
[INFO] 18:13:19:380 Consola Log/(9317:9317): 8000
[INFO] 18:13:58:803 Consola Log/(9410:9410): Se generó correctamente el logger
[INFO] 18:13:58:804 Consola Log/(9410:9410): Se generó correctamente la configuracion
[INFO] 18:13:58:804 Consola Log/(9410:9410): Se generó correctamente la conexion
[INFO] 18:13:58:804 Consola Log/(9410:9410): 127.0.0.1
[INFO] 18:13:58:805 Consola Log/(9410:9410): 8000
[INFO] 18:13:58:807 Consola Log/(9410:9410): Finalizo correctamente el programa
[DEBUG] 18:13:58:808 Consola Log/(9410:9410): Archivo de configuracion cerrado
[DEBUG] 18:13:58:808 Consola Log/(9410:9410): Terminando el Log
[INFO] 18:14:45:642 Consola Log/(9503:9503): Se generó correctamente el logger
[INFO] 18:14:45:642 Consola Log/(9503:9503): Se generó correctamente la configuracion
[INFO] 18:14:45:643 Consola Log/(9503:9503): Se generó correctamente la conexion
[INFO] 18:14:45:643 Consola Log/(9503:9503): 127.0.0.1
[INFO] 18:14:45:643 Consola Log/(9503:9503): 8000
[INFO] 18:14:45:645 Consola Log/(9503:9503): Finalizo correctamente el programa
[DEBUG] 18:14:45:646 Consola Log/(9503:9503): Archivo de configuracion cerrado
[DEBUG] 18:14:45:646 Consola Log/(9503:9503): Terminando el Log
[INFO] 18:14:55:912 Consola Log/(9523:9523): Se generó correctamente el logger
[INFO] 18:14:55:912 Consola Log/(9523:9523): Se generó correctamente la configuracion
[INFO] 18:14:55:913 Consola Log/(9523:9523): Se generó correctamente la conexion
[INFO] 18:14:55:913 Consola Log/(9523:9523): 127.0.0.1
[INFO] 18:14:55:913 Consola Log/(9523:9523): 8000
[INFO] 18:14:55:916 Consola Log/(9523:9523): Finalizo correctamente el programa
[DEBUG] 18:14:55:916 Consola Log/(9523:9523): Archivo de configuracion cerrado
[DEBUG] 18:14:55:916 Consola Log/(9523:9523): Terminando el Log
[INFO] 18:20:24:338 Consola Log/(10243:10243): Se generó correctamente el logger
[INFO] 18:20:24:338 Consola Log/(10243:10243): Se generó correctamente la configuracion
[INFO] 18:20:24:339 Consola Log/(10243:10243): Se generó correctamente la conexion
[INFO] 18:20:24:340 Consola Log/(10243:10243): 127.0.0.1
[INFO] 18:20:24:344 Consola Log/(10243:10243): 8000
[INFO] 18:20:24:351 Consola Log/(10243:10243): Finalizo correctamente el programa
[DEBUG] 18:20:24:351 Consola Log/(10243:10243): Archivo de configuracion cerrado
[DEBUG] 18:20:24:352 Consola Log/(10243:10243): Terminando el Log
[INFO] 18:26:50:284 Consola Log/(11594:11594): Se generó correctamente el logger
[INFO] 18:26:50:284 Consola Log/(11594:11594): Se generó correctamente la configuracion
[INFO] 18:26:50:285 Consola Log/(11594:11594): Se generó correctamente la conexion
[INFO] 18:26:50:285 Consola Log/(11594:11594): 127.0.0.1
[INFO] 18:26:50:291 Consola Log/(11594:11594): 8000
[INFO] 18:26:50:293 Consola Log/(11594:11594): Finalizo correctamente el programa
[DEBUG] 18:26:50:294 Consola Log/(11594:11594): Archivo de configuracion cerrado
[DEBUG] 18:26:50:294 Consola Log/(11594:11594): Terminando el Log
[INFO] 18:58:11:375 Consola Log/(14631:14631): Se generó correctamente el logger
[INFO] 18:58:11:376 Consola Log/(14631:14631): Se generó correctamente la configuracion
[INFO] 18:58:11:376 Consola Log/(14631:14631): Se generó correctamente la conexion
[INFO] 18:58:11:378 Consola Log/(14631:14631): 127.0.0.1
[INFO] 18:58:11:381 Consola Log/(14631:14631): 8000
[INFO] 18:58:11:384 Consola Log/(14631:14631): Finalizo correctamente el programa
[DEBUG] 18:58:11:385 Consola Log/(14631:14631): Archivo de configuracion cerrado
[DEBUG] 18:58:11:385 Consola Log/(14631:14631): Terminando el Log
[INFO] 19:15:01:064 Consola Log/(16129:16129): Se generó correctamente el logger
[INFO] 19:15:01:064 Consola Log/(16129:16129): Se generó correctamente la configuracion
[INFO] 19:15:01:065 Consola Log/(16129:16129): Se generó correctamente la conexion
[INFO] 19:15:01:066 Consola Log/(16129:16129): 127.0.0.1
[INFO] 19:15:01:071 Consola Log/(16129:16129): 8000
[INFO] 19:15:01:080 Consola Log/(16129:16129): Finalizo correctamente el programa
[DEBUG] 19:15:01:080 Consola Log/(16129:16129): Archivo de configuracion cerrado
[DEBUG] 19:15:01:080 Consola Log/(16129:16129): Terminando el Log
[INFO] 19:16:26:310 Consola Log/(16302:16302): Se generó correctamente el logger
[INFO] 19:16:26:310 Consola Log/(16302:16302): Se generó correctamente la configuracion
[INFO] 19:16:26:311 Consola Log/(16302:16302): Se generó correctamente la conexion
[INFO] 19:16:26:312 Consola Log/(16302:16302): 127.0.0.1
[INFO] 19:16:26:317 Consola Log/(16302:16302): 8000
[INFO] 19:16:26:320 Consola Log/(16302:16302): Finalizo correctamente el programa
[DEBUG] 19:16:26:320 Consola Log/(16302:16302): Archivo de configuracion cerrado
[DEBUG] 19:16:26:320 Consola Log/(16302:16302): Terminando el Log
[INFO] 19:23:28:435 Consola Log/(16912:16912): Se generó correctamente el logger
[INFO] 19:23:28:435 Consola Log/(16912:16912): Se generó correctamente la configuracion
[INFO] 19:23:28:436 Consola Log/(16912:16912): Se generó correctamente la conexion
[INFO] 19:23:28:437 Consola Log/(16912:16912): 127.0.0.1
[INFO] 19:23:28:443 Consola Log/(16912:16912): 8000
[INFO] 19:23:28:450 Consola Log/(16912:16912): Finalizo correctamente el programa
[DEBUG] 19:23:28:450 Consola Log/(16912:16912): Archivo de configuracion cerrado
[DEBUG] 19:23:28:450 Consola Log/(16912:16912): Terminando el Log
[INFO] 19:24:32:807 Consola Log/(17059:17059): Se generó correctamente el logger
[INFO] 19:24:32:808 Consola Log/(17059:17059): Se generó correctamente la configuracion
[INFO] 19:24:32:808 Consola Log/(17059:17059): Se generó correctamente la conexion
[INFO] 19:24:32:809 Consola Log/(17059:17059): 127.0.0.1
[INFO] 19:24:32:816 Consola Log/(17059:17059): 8000
[INFO] 19:24:32:820 Consola Log/(17059:17059): Finalizo correctamente el programa
[DEBUG] 19:24:32:821 Consola Log/(17059:17059): Archivo de configuracion cerrado
[DEBUG] 19:24:32:821 Consola Log/(17059:17059): Terminando el Log
[INFO] 19:45:32:842 Consola Log/(18449:18449): Se generó correctamente el logger
[INFO] 19:45:32:843 Consola Log/(18449:18449): Se generó correctamente la configuracion
[INFO] 19:45:32:843 Consola Log/(18449:18449): Se generó correctamente la conexion
[INFO] 19:45:32:844 Consola Log/(18449:18449): 127.0.0.1
[INFO] 19:45:32:847 Consola Log/(18449:18449): 8000
[INFO] 19:45:32:852 Consola Log/(18449:18449): Finalizo correctamente el programa
[DEBUG] 19:45:32:852 Consola Log/(18449:18449): Archivo de configuracion cerrado
[DEBUG] 19:45:32:857 Consola Log/(18449:18449): Terminando el Log
[INFO] 19:54:38:372 Consola Log/(19323:19323): Se generó correctamente el logger
[INFO] 19:54:38:373 Consola Log/(19323:19323): Se generó correctamente la configuracion
[INFO] 19:54:38:373 Consola Log/(19323:19323): Se generó correctamente la conexion
[INFO] 19:54:38:374 Consola Log/(19323:19323): 127.0.0.1
[INFO] 19:54:38:375 Consola Log/(19323:19323): 8000
[INFO] 19:54:38:377 Consola Log/(19323:19323): Finalizo correctamente el programa
[DEBUG] 19:54:38:379 Consola Log/(19323:19323): Archivo de configuracion cerrado
[DEBUG] 19:54:38:379 Consola Log/(19323:19323): Terminando el Log
[INFO] 20:05:52:966 Consola Log/(19960:19960): Se generó correctamente el logger
[INFO] 20:05:52:967 Consola Log/(19960:19960): Se generó correctamente la configuracion
[INFO] 20:05:52:968 Consola Log/(19960:19960): Se generó correctamente la conexion
[INFO] 20:05:52:968 Consola Log/(19960:19960): 127.0.0.1
[INFO] 20:05:52:968 Consola Log/(19960:19960): 8000
[INFO] 20:05:52:981 Consola Log/(19960:19960): Finalizo correctamente el programa
[DEBUG] 20:05:52:983 Consola Log/(19960:19960): Archivo de configuracion cerrado
[DEBUG] 20:05:52:983 Consola Log/(19960:19960): Terminando el Log
[INFO] 20:07:44:115 Consola Log/(20136:20136): Se generó correctamente el logger
[INFO] 20:07:44:115 Consola Log/(20136:20136): Se generó correctamente la configuracion
[INFO] 20:07:44:116 Consola Log/(20136:20136): Se generó correctamente la conexion
[INFO] 20:07:44:116 Consola Log/(20136:20136): 127.0.0.1
[INFO] 20:07:44:116 Consola Log/(20136:20136): 8000
[INFO] 20:07:44:119 Consola Log/(20136:20136): Finalizo correctamente el programa
[DEBUG] 20:07:44:119 Consola Log/(20136:20136): Archivo de configuracion cerrado
[DEBUG] 20:07:44:119 Consola Log/(20136:20136): Terminando el Log
[INFO] 20:08:33:761 Consola Log/(20180:20180): Se generó correctamente el logger
[INFO] 20:08:33:761 Consola Log/(20180:20180): Se generó correctamente la configuracion
[INFO] 20:08:33:762 Consola Log/(20180:20180): Se generó correctamente la conexion
[INFO] 20:08:33:763 Consola Log/(20180:20180): 127.0.0.1
[INFO] 20:08:33:763 Consola Log/(20180:20180): 8000
[INFO] 20:08:33:766 Consola Log/(20180:20180): Finalizo correctamente el programa
[DEBUG] 20:08:33:768 Consola Log/(20180:20180): Archivo de configuracion cerrado
[DEBUG] 20:08:33:769 Consola Log/(20180:20180): Terminando el Log
[INFO] 20:09:57:693 Consola Log/(20366:20366): Se generó correctamente el logger
[INFO] 20:09:57:693 Consola Log/(20366:20366): Se generó correctamente la configuracion
[INFO] 20:09:57:693 Consola Log/(20366:20366): Se generó correctamente la conexion
[INFO] 20:09:57:694 Consola Log/(20366:20366): 127.0.0.1
[INFO] 20:09:57:697 Consola Log/(20366:20366): 8000
[INFO] 20:09:57:701 Consola Log/(20366:20366): Finalizo correctamente el programa
[DEBUG] 20:09:57:702 Consola Log/(20366:20366): Archivo de configuracion cerrado
[DEBUG] 20:09:57:702 Consola Log/(20366:20366): Terminando el Log
[INFO] 20:11:47:569 Consola Log/(20618:20618): Se generó correctamente el logger
[INFO] 20:11:47:569 Consola Log/(20618:20618): Se generó correctamente la configuracion
[INFO] 20:11:47:570 Consola Log/(20618:20618): Se generó correctamente la conexion
[INFO] 20:11:47:571 Consola Log/(20618:20618): 127.0.0.1
[INFO] 20:11:47:571 Consola Log/(20618:20618): 8000
[INFO] 20:11:47:574 Consola Log/(20618:20618): Finalizo correctamente el programa
[DEBUG] 20:11:47:574 Consola Log/(20618:20618): Archivo de configuracion cerrado
[DEBUG] 20:11:47:577 Consola Log/(20618:20618): Terminando el Log
[INFO] 20:16:21:949 Consola Log/(21010:21010): Se generó correctamente el logger
[INFO] 20:16:21:949 Consola Log/(21010:21010): Se generó correctamente la configuracion
[INFO] 20:16:21:949 Consola Log/(21010:21010): Se generó correctamente la conexion
[INFO] 20:16:21:950 Consola Log/(21010:21010): 127.0.0.1
[INFO] 20:16:21:950 Consola Log/(21010:21010): 8000
[INFO] 20:16:21:952 Consola Log/(21010:21010): Finalizo correctamente el programa
[DEBUG] 20:16:21:953 Consola Log/(21010:21010): Archivo de configuracion cerrado
[DEBUG] 20:16:21:953 Consola Log/(21010:21010): Terminando el Log
[INFO] 20:16:48:233 Consola Log/(21028:21028): Se generó correctamente el logger
[INFO] 20:16:48:234 Consola Log/(21028:21028): Se generó correctamente la configuracion
[INFO] 20:16:48:234 Consola Log/(21028:21028): Se generó correctamente la conexion
[INFO] 20:16:48:234 Consola Log/(21028:21028): 127.0.0.1
[INFO] 20:16:48:234 Consola Log/(21028:21028): 8000
[INFO] 20:16:48:237 Consola Log/(21028:21028): Finalizo correctamente el programa
[DEBUG] 20:16:48:240 Consola Log/(21028:21028): Archivo de configuracion cerrado
[DEBUG] 20:16:48:241 Consola Log/(21028:21028): Terminando el Log
[INFO] 20:16:53:254 Consola Log/(21033:21033): Se generó correctamente el logger
[INFO] 20:16:53:254 Consola Log/(21033:21033): Se generó correctamente la configuracion
[INFO] 20:16:53:256 Consola Log/(21033:21033): Se generó correctamente la conexion
[INFO] 20:16:53:256 Consola Log/(21033:21033): 127.0.0.1
[INFO] 20:16:53:256 Consola Log/(21033:21033): 8000
[INFO] 20:17:39:067 Consola Log/(21146:21146): Se generó correctamente el logger
[INFO] 20:17:39:067 Consola Log/(21146:21146): Se generó correctamente la configuracion
[INFO] 20:17:39:068 Consola Log/(21146:21146): Se generó correctamente la conexion
[INFO] 20:17:39:068 Consola Log/(21146:21146): 127.0.0.1
[INFO] 20:17:39:068 Consola Log/(21146:21146): 8000
[INFO] 20:18:11:399 Consola Log/(21171:21171): Se generó correctamente el logger
[INFO] 20:18:11:400 Consola Log/(21171:21171): Se generó correctamente la configuracion
[INFO] 20:18:11:400 Consola Log/(21171:21171): Se generó correctamente la conexion
[INFO] 20:18:11:400 Consola Log/(21171:21171): 127.0.0.1
[INFO] 20:18:11:400 Consola Log/(21171:21171): 8000
[INFO] 20:18:46:823 Consola Log/(21446:21446): Se generó correctamente el logger
[INFO] 20:18:46:824 Consola Log/(21446:21446): Se generó correctamente la configuracion
[INFO] 20:18:46:824 Consola Log/(21446:21446): Se generó correctamente la conexion
[INFO] 20:18:46:824 Consola Log/(21446:21446): 127.0.0.1
[INFO] 20:18:46:825 Consola Log/(21446:21446): 8000
[INFO] 20:18:46:827 Consola Log/(21446:21446): Finalizo correctamente el programa
[DEBUG] 20:18:46:827 Consola Log/(21446:21446): Archivo de configuracion cerrado
[DEBUG] 20:18:46:827 Consola Log/(21446:21446): Terminando el Log
[INFO] 20:19:40:723 Consola Log/(21568:21568): Se generó correctamente el logger
[INFO] 20:19:40:724 Consola Log/(21568:21568): Se generó correctamente la configuracion
[INFO] 20:19:40:724 Consola Log/(21568:21568): Se generó correctamente la conexion
[INFO] 20:19:40:725 Consola Log/(21568:21568): 127.0.0.1
[INFO] 20:19:40:729 Consola Log/(21568:21568): 8000
[INFO] 20:19:40:732 Consola Log/(21568:21568): Finalizo correctamente el programa
[DEBUG] 20:19:40:733 Consola Log/(21568:21568): Archivo de configuracion cerrado
[DEBUG] 20:19:40:733 Consola Log/(21568:21568): Terminando el Log
[INFO] 20:22:10:091 Consola Log/(21984:21984): Se generó correctamente el logger
[INFO] 20:22:10:091 Consola Log/(21984:21984): Se generó correctamente la configuracion
[INFO] 20:22:10:092 Consola Log/(21984:21984): Se generó correctamente la conexion
[INFO] 20:22:10:093 Consola Log/(21984:21984): 127.0.0.1
[INFO] 20:22:10:096 Consola Log/(21984:21984): 8000
[INFO] 20:22:10:099 Consola Log/(21984:21984): Finalizo correctamente el programa
[DEBUG] 20:22:10:099 Consola Log/(21984:21984): Archivo de configuracion cerrado
[DEBUG] 20:22:10:099 Consola Log/(21984:21984): Terminando el Log
[INFO] 20:25:01:068 Consola Log/(22227:22227): Se generó correctamente el logger
[INFO] 20:25:01:069 Consola Log/(22227:22227): Se generó correctamente la configuracion
[INFO] 20:25:01:069 Consola Log/(22227:22227): Se generó correctamente la conexion
[INFO] 20:25:01:070 Consola Log/(22227:22227): 127.0.0.1
[INFO] 20:25:01:073 Consola Log/(22227:22227): 8000
[INFO] 20:25:01:075 Consola Log/(22227:22227): Finalizo correctamente el programa
[DEBUG] 20:25:01:075 Consola Log/(22227:22227): Archivo de configuracion cerrado
[DEBUG] 20:25:01:075 Consola Log/(22227:22227): Terminando el Log
[INFO] 20:26:07:183 Consola Log/(22338:22338): Se generó correctamente el logger
[INFO] 20:26:07:183 Consola Log/(22338:22338): Se generó correctamente la configuracion
[INFO] 20:26:07:184 Consola Log/(22338:22338): Se generó correctamente la conexion
[INFO] 20:26:07:185 Consola Log/(22338:22338): 127.0.0.1
[INFO] 20:26:07:185 Consola Log/(22338:22338): 8000
[INFO] 20:26:07:189 Consola Log/(22338:22338): Finalizo correctamente el programa
[DEBUG] 20:26:07:191 Consola Log/(22338:22338): Archivo de configuracion cerrado
[DEBUG] 20:26:07:192 Consola Log/(22338:22338): Terminando el Log
[INFO] 20:27:46:231 Consola Log/(22534:22534): Se generó correctamente el logger
[INFO] 20:27:46:232 Consola Log/(22534:22534): Se generó correctamente la configuracion
[INFO] 20:27:46:232 Consola Log/(22534:22534): Se generó correctamente la conexion
[INFO] 20:27:46:233 Consola Log/(22534:22534): 127.0.0.1
[INFO] 20:27:46:233 Consola Log/(22534:22534): 8000
[INFO] 20:27:46:236 Consola Log/(22534:22534): Finalizo correctamente el programa
[DEBUG] 20:27:46:236 Consola Log/(22534:22534): Archivo de configuracion cerrado
[DEBUG] 20:27:46:238 Consola Log/(22534:22534): Terminando el Log
[INFO] 20:28:44:861 Consola Log/(22743:22743): Se generó correctamente el logger
[INFO] 20:28:44:861 Consola Log/(22743:22743): Se generó correctamente la configuracion
[INFO] 20:28:44:862 Consola Log/(22743:22743): Se generó correctamente la conexion
[INFO] 20:28:44:862 Consola Log/(22743:22743): 127.0.0.1
[INFO] 20:28:44:863 Consola Log/(22743:22743): 8000
[INFO] 20:28:44:865 Consola Log/(22743:22743): Finalizo correctamente el programa
[DEBUG] 20:28:44:866 Consola Log/(22743:22743): Archivo de configuracion cerrado
[DEBUG] 20:28:44:867 Consola Log/(22743:22743): Terminando el Log
[INFO] 20:29:33:443 Consola Log/(22833:22833): Se generó correctamente el logger
[INFO] 20:29:33:443 Consola Log/(22833:22833): Se generó correctamente la configuracion
[INFO] 20:29:33:444 Consola Log/(22833:22833): Se generó correctamente la conexion
[INFO] 20:29:33:444 Consola Log/(22833:22833): 127.0.0.1
[INFO] 20:29:33:444 Consola Log/(22833:22833): 8000
[INFO] 20:29:33:447 Consola Log/(22833:22833): Finalizo correctamente el programa
[DEBUG] 20:29:33:447 Consola Log/(22833:22833): Archivo de configuracion cerrado
[DEBUG] 20:29:33:448 Consola Log/(22833:22833): Terminando el Log
[INFO] 20:42:18:193 Consola Log/(23620:23620): Se generó correctamente el logger
[INFO] 20:42:18:194 Consola Log/(23620:23620): Se generó correctamente la configuracion
[INFO] 20:42:18:194 Consola Log/(23620:23620): Se generó correctamente la conexion
[INFO] 20:42:18:195 Consola Log/(23620:23620): 127.0.0.1
[INFO] 20:42:18:195 Consola Log/(23620:23620): 8000
[INFO] 20:42:18:197 Consola Log/(23620:23620): Finalizo correctamente el programa
[DEBUG] 20:42:18:198 Consola Log/(23620:23620): Archivo de configuracion cerrado
[DEBUG] 20:42:18:198 Consola Log/(23620:23620): Terminando el Log
[INFO] 20:44:30:473 Consola Log/(23811:23811): Se generó correctamente el logger
[INFO] 20:44:30:474 Consola Log/(23811:23811): Se generó correctamente la configuracion
[INFO] 20:44:30:474 Consola Log/(23811:23811): Se generó correctamente la conexion
[INFO] 20:44:30:474 Consola Log/(23811:23811): 127.0.0.1
[INFO] 20:44:30:475 Consola Log/(23811:23811): 8000
[INFO] 20:44:30:477 Consola Log/(23811:23811): Finalizo correctamente el programa
[DEBUG] 20:44:30:477 Consola Log/(23811:23811): Archivo de configuracion cerrado
[DEBUG] 20:44:30:478 Consola Log/(23811:23811): Terminando el Log
[INFO] 20:44:47:729 Consola Log/(23831:23831): Se generó correctamente el logger
[INFO] 20:44:47:729 Consola Log/(23831:23831): Se generó correctamente la configuracion
[INFO] 20:44:47:730 Consola Log/(23831:23831): Se generó correctamente la conexion
[INFO] 20:44:47:730 Consola Log/(23831:23831): 127.0.0.1
[INFO] 20:44:47:730 Consola Log/(23831:23831): 8000
[INFO] 20:44:47:733 Consola Log/(23831:23831): Finalizo correctamente el programa
[DEBUG] 20:44:47:733 Consola Log/(23831:23831): Archivo de configuracion cerrado
[DEBUG] 20:44:47:734 Consola Log/(23831:23831): Terminando el Log
[INFO] 20:46:29:631 Consola Log/(24004:24004): Se generó correctamente el logger
[INFO] 20:46:29:632 Consola Log/(24004:24004): Se generó correctamente la configuracion
[INFO] 20:46:29:632 Consola Log/(24004:24004): Se generó correctamente la conexion
[INFO] 20:46:29:632 Consola Log/(24004:24004): 127.0.0.1
[INFO] 20:46:29:633 Consola Log/(24004:24004): 8000
[INFO] 20:46:29:635 Consola Log/(24004:24004): Finalizo correctamente el programa
[DEBUG] 20:46:29:635 Consola Log/(24004:24004): Archivo de configuracion cerrado
[DEBUG] 20:46:29:636 Consola Log/(24004:24004): Terminando el Log
[INFO] 18:43:36:911 Consola Log/(14581:14581): Se generó correctamente el logger
[INFO] 18:43:36:912 Consola Log/(14581:14581): Se generó correctamente la configuracion
[INFO] 18:43:36:912 Consola Log/(14581:14581): Se generó correctamente la conexion
[INFO] 18:43:36:912 Consola Log/(14581:14581): 127.0.0.1
[INFO] 18:43:36:913 Consola Log/(14581:14581): 8000
[INFO] 18:43:36:922 Consola Log/(14581:14581): Finalizo correctamente el programa
[DEBUG] 18:43:36:922 Consola Log/(14581:14581): Archivo de configuracion cerrado
[DEBUG] 18:43:36:922 Consola Log/(14581:14581): Terminando el Log
[INFO] 20:28:00:599 Consola Log/(15056:15056): Se generó correctamente el logger
[INFO] 20:28:00:600 Consola Log/(15056:15056): Se generó correctamente la configuracion
[INFO] 20:28:00:600 Consola Log/(15056:15056): Se generó correctamente la conexion
[INFO] 20:28:00:600 Consola Log/(15056:15056): 127.0.0.1
[INFO] 20:28:00:601 Consola Log/(15056:15056): 8000
[INFO] 20:28:00:609 Consola Log/(15056:15056): Finalizo correctamente el programa
[DEBUG] 20:28:00:611 Consola Log/(15056:15056): Archivo de configuracion cerrado
[DEBUG] 20:28:00:611 Consola Log/(15056:15056): Terminando el Log
[INFO] 20:30:40:567 Consola Log/(15438:15438): Se generó correctamente el logger
[INFO] 20:30:40:568 Consola Log/(15438:15438): Se generó correctamente la configuracion
[INFO] 20:30:40:568 Consola Log/(15438:15438): Se generó correctamente la conexion
[INFO] 20:30:40:570 Consola Log/(15438:15438): 127.0.0.1
[INFO] 20:30:40:570 Consola Log/(15438:15438): 8000
[INFO] 20:30:40:587 Consola Log/(15438:15438): Finalizo correctamente el programa
[DEBUG] 20:30:40:588 Consola Log/(15438:15438): Archivo de configuracion cerrado
[DEBUG] 20:30:40:595 Consola Log/(15438:15438): Terminando el Log
[INFO] 20:33:29:698 Consola Log/(15911:15911): Se generó correctamente el logger
[INFO] 20:33:29:699 Consola Log/(15911:15911): Se generó correctamente la configuracion
[INFO] 20:33:29:699 Consola Log/(15911:15911): Se generó correctamente la conexion
[INFO] 20:33:29:700 Consola Log/(15911:15911): 127.0.0.1
[INFO] 20:33:29:710 Consola Log/(15911:15911): 8000
[INFO] 20:33:29:714 Consola Log/(15911:15911): Finalizo correctamente el programa
[DEBUG] 20:33:29:715 Consola Log/(15911:15911): Archivo de configuracion cerrado
[DEBUG] 20:33:29:715 Consola Log/(15911:15911): Terminando el Log
[INFO] 20:33:44:062 Consola Log/(15960:15960): Se generó correctamente el logger
[INFO] 20:33:44:062 Consola Log/(15960:15960): Se generó correctamente la configuracion
[INFO] 20:33:44:063 Consola Log/(15960:15960): Se generó correctamente la conexion
[INFO] 20:33:44:063 Consola Log/(15960:15960): 127.0.0.1
[INFO] 20:33:44:063 Consola Log/(15960:15960): 8000
[INFO] 20:33:44:066 Consola Log/(15960:15960): Finalizo correctamente el programa
[DEBUG] 20:33:44:066 Consola Log/(15960:15960): Archivo de configuracion cerrado
[DEBUG] 20:33:44:067 Consola Log/(15960:15960): Terminando el Log
[INFO] 20:38:05:989 Consola Log/(16515:16515): Se generó correctamente el logger
[INFO] 20:38:05:990 Consola Log/(16515:16515): Se generó correctamente la configuracion
[INFO] 20:38:05:990 Consola Log/(16515:16515): Se generó correctamente la conexion
[INFO] 20:38:05:991 Consola Log/(16515:16515): 127.0.0.1
[INFO] 20:38:05:994 Consola Log/(16515:16515): 8000
[INFO] 20:38:05:997 Consola Log/(16515:16515): Finalizo correctamente el programa
[DEBUG] 20:38:05:997 Consola Log/(16515:16515): Archivo de configuracion cerrado
[DEBUG] 20:38:05:997 Consola Log/(16515:16515): Terminando el Log
[INFO] 20:46:13:772 Consola Log/(17409:17409): Se generó correctamente el logger
[INFO] 20:46:13:772 Consola Log/(17409:17409): Se generó correctamente la configuracion
[INFO] 20:46:13:773 Consola Log/(17409:17409): Se generó correctamente la conexion
[INFO] 20:46:13:773 Consola Log/(17409:17409): 127.0.0.1
[INFO] 20:46:13:778 Consola Log/(17409:17409): 8000
[INFO] 20:46:13:788 Consola Log/(17409:17409): Finalizo correctamente el programa
[DEBUG] 20:46:13:795 Consola Log/(17409:17409): Archivo de configuracion cerrado
[DEBUG] 20:46:13:797 Consola Log/(17409:17409): Terminando el Log
[INFO] 20:51:57:935 Consola Log/(18185:18185): Se generó correctamente el logger
[INFO] 20:51:57:935 Consola Log/(18185:18185): Se generó correctamente la configuracion
[INFO] 20:51:57:936 Consola Log/(18185:18185): Se generó correctamente la conexion
[INFO] 20:51:57:936 Consola Log/(18185:18185): 127.0.0.1
[INFO] 20:51:57:936 Consola Log/(18185:18185): 8000
[INFO] 20:51:57:939 Consola Log/(18185:18185): Finalizo correctamente el programa
[DEBUG] 20:51:57:939 Consola Log/(18185:18185): Archivo de configuracion cerrado
[DEBUG] 20:51:57:939 Consola Log/(18185:18185): Terminando el Log
[INFO] 22:57:22:331 Consola Log/(18954:18954): Se generó correctamente el logger
[INFO] 22:57:22:331 Consola Log/(18954:18954): Se generó correctamente la configuracion
[INFO] 22:57:22:332 Consola Log/(18954:18954): Se generó correctamente la conexion
[INFO] 22:57:22:333 Consola Log/(18954:18954): 127.0.0.1
[INFO] 22:57:22:334 Consola Log/(18954:18954): 8000
[INFO] 22:57:22:349 Consola Log/(18954:18954): Finalizo correctamente el programa
[DEBUG] 22:57:22:350 Consola Log/(18954:18954): Archivo de configuracion cerrado
[DEBUG] 22:57:22:350 Consola Log/(18954:18954): Terminando el Log
[INFO] 23:48:39:184 Consola Log/(15266:15266): Se generó correctamente el logger
[INFO] 23:48:39:185 Consola Log/(15266:15266): Se generó correctamente la configuracion
[INFO] 23:48:39:185 Consola Log/(15266:15266): Se generó correctamente la conexion
[INFO] 23:48:39:186 Consola Log/(15266:15266): 127.0.0.1
[INFO] 23:48:39:190 Consola Log/(15266:15266): 8000
[INFO] 23:48:39:199 Consola Log/(15266:15266): Finalizo correctamente el programa
[DEBUG] 23:48:39:199 Consola Log/(15266:15266): Archivo de configuracion cerrado
[DEBUG] 23:48:39:200 Consola Log/(15266:15266): Terminando el Log
[INFO] 18:27:15:709 Consola Log/(15053:15053): Se generó correctamente el logger
[INFO] 18:27:15:715 Consola Log/(15053:15053): Se generó correctamente la configuracion
[INFO] 18:27:15:717 Consola Log/(15053:15053): Se generó correctamente la conexion
[INFO] 18:27:15:717 Consola Log/(15053:15053): 127.0.0.1
[INFO] 18:27:15:718 Consola Log/(15053:15053): 8000
[INFO] 19:28:43:390 Consola Log/(20651:20651): Se generó correctamente el logger
[INFO] 19:28:43:391 Consola Log/(20651:20651): Se generó correctamente la configuracion
[INFO] 19:28:43:392 Consola Log/(20651:20651): Se generó correctamente la conexion
[INFO] 19:28:43:394 Consola Log/(20651:20651): 127.0.0.1
[INFO] 19:28:43:403 Consola Log/(20651:20651): 8000
[INFO] 19:28:43:434 Consola Log/(20651:20651): Finalizo correctamente el programa
[DEBUG] 19:28:43:436 Consola Log/(20651:20651): Archivo de configuracion cerrado
[DEBUG] 19:28:43:437 Consola Log/(20651:20651): Terminando el Log
[INFO] 19:34:48:523 Consola Log/(21954:21954): Se generó correctamente el logger
[INFO] 19:34:48:524 Consola Log/(21954:21954): Se generó correctamente la configuracion
[INFO] 19:34:48:524 Consola Log/(21954:21954): Se generó correctamente la conexion
[INFO] 19:34:48:526 Consola Log/(21954:21954): 127.0.0.1
[INFO] 19:34:48:533 Consola Log/(21954:21954): 8000
[INFO] 19:34:48:537 Consola Log/(21954:21954): Finalizo correctamente el programa
[DEBUG] 19:34:48:544 Consola Log/(21954:21954): Archivo de configuracion cerrado
[DEBUG] 19:34:48:549 Consola Log/(21954:21954): Terminando el Log
[INFO] 20:00:36:140 Consola Log/(23603:23603): Se generó correctamente el logger
[INFO] 20:00:36:140 Consola Log/(23603:23603): Se generó correctamente la configuracion
[INFO] 20:00:36:141 Consola Log/(23603:23603): Se generó correctamente la conexion
[INFO] 20:00:36:142 Consola Log/(23603:23603): 127.0.0.1
[INFO] 20:00:36:149 Consola Log/(23603:23603): 8000
[INFO] 20:00:36:153 Consola Log/(23603:23603): Finalizo correctamente el programa
[DEBUG] 20:00:36:156 Consola Log/(23603:23603): Archivo de configuracion cerrado
[DEBUG] 20:00:36:161 Consola Log/(23603:23603): Terminando el Log
[INFO] 20:06:14:390 Consola Log/(24088:24088): Se generó correctamente el logger
[INFO] 20:06:14:391 Consola Log/(24088:24088): Se generó correctamente la configuracion
[INFO] 20:06:14:391 Consola Log/(24088:24088): Se generó correctamente la conexion
[INFO] 20:06:14:393 Consola Log/(24088:24088): 127.0.0.1
[INFO] 20:06:14:400 Consola Log/(24088:24088): 8000
[INFO] 20:06:14:415 Consola Log/(24088:24088): Finalizo correctamente el programa
[DEBUG] 20:06:14:415 Consola Log/(24088:24088): Archivo de configuracion cerrado
[DEBUG] 20:06:14:415 Consola Log/(24088:24088): Terminando el Log
[INFO] 20:09:43:962 Consola Log/(24391:24391): Se generó correctamente el logger
[INFO] 20:09:43:963 Consola Log/(24391:24391): Se generó correctamente la configuracion
[INFO] 20:09:43:965 Consola Log/(24391:24391): Se generó correctamente la conexion
[INFO] 20:09:43:969 Consola Log/(24391:24391): 127.0.0.1
[INFO] 20:09:43:971 Consola Log/(24391:24391): 8000
[INFO] 20:09:43:988 Consola Log/(24391:24391): Finalizo correctamente el programa
[DEBUG] 20:09:43:991 Consola Log/(24391:24391): Archivo de configuracion cerrado
[DEBUG] 20:09:43:992 Consola Log/(24391:24391): Terminando el Log
[INFO] 20:12:31:770 Consola Log/(24732:24732): Se generó correctamente el logger
[INFO] 20:12:31:771 Consola Log/(24732:24732): Se generó correctamente la configuracion
[INFO] 20:12:31:772 Consola Log/(24732:24732): Se generó correctamente la conexion
[INFO] 20:12:31:773 Consola Log/(24732:24732): 127.0.0.1
[INFO] 20:12:31:774 Consola Log/(24732:24732): 8000
[INFO] 20:12:31:779 Consola Log/(24732:24732): Finalizo correctamente el programa
[DEBUG] 20:12:31:783 Consola Log/(24732:24732): Archivo de configuracion cerrado
[DEBUG] 20:12:31:784 Consola Log/(24732:24732): Terminando el Log
[INFO] 20:18:35:480 Consola Log/(25136:25136): Se generó correctamente el logger
[INFO] 20:18:35:481 Consola Log/(25136:25136): Se generó correctamente la configuracion
[INFO] 20:18:35:482 Consola Log/(25136:25136): Se generó correctamente la conexion
[INFO] 20:18:35:482 Consola Log/(25136:25136): 127.0.0.1
[INFO] 20:18:35:483 Consola Log/(25136:25136): 8000
[INFO] 20:18:35:486 Consola Log/(25136:25136): Finalizo correctamente el programa
[DEBUG] 20:18:35:487 Consola Log/(25136:25136): Archivo de configuracion cerrado
[DEBUG] 20:18:35:488 Consola Log/(25136:25136): Terminando el Log
[INFO] 20:20:20:465 Consola Log/(25284:25284): Se generó correctamente el logger
[INFO] 20:20:20:466 Consola Log/(25284:25284): Se generó correctamente la configuracion
[INFO] 20:20:20:467 Consola Log/(25284:25284): Se generó correctamente la conexion
[INFO] 20:20:20:467 Consola Log/(25284:25284): 127.0.0.1
[INFO] 20:20:20:468 Consola Log/(25284:25284): 8000
[INFO] 20:20:20:473 Consola Log/(25284:25284): Finalizo correctamente el programa
[DEBUG] 20:20:20:475 Consola Log/(25284:25284): Archivo de configuracion cerrado
[DEBUG] 20:20:20:492 Consola Log/(25284:25284): Terminando el Log
[INFO] 20:21:38:360 Consola Log/(25527:25527): Se generó correctamente el logger
[INFO] 20:21:38:361 Consola Log/(25527:25527): Se generó correctamente la configuracion
[INFO] 20:21:38:362 Consola Log/(25527:25527): Se generó correctamente la conexion
[INFO] 20:21:38:363 Consola Log/(25527:25527): 127.0.0.1
[INFO] 20:21:38:364 Consola Log/(25527:25527): 8000
[INFO] 20:21:38:369 Consola Log/(25527:25527): Finalizo correctamente el programa
[DEBUG] 20:21:38:371 Consola Log/(25527:25527): Archivo de configuracion cerrado
[DEBUG] 20:21:38:371 Consola Log/(25527:25527): Terminando el Log
[INFO] 20:30:06:542 Consola Log/(26179:26179): Se generó correctamente el logger
[INFO] 20:30:06:543 Consola Log/(26179:26179): Se generó correctamente la configuracion
[INFO] 20:30:06:544 Consola Log/(26179:26179): Se generó correctamente la conexion
[INFO] 20:30:06:546 Consola Log/(26179:26179): 127.0.0.1
[INFO] 20:30:06:547 Consola Log/(26179:26179): 8000
[INFO] 20:30:06:566 Consola Log/(26179:26179): Finalizo correctamente el programa
[DEBUG] 20:30:06:573 Consola Log/(26179:26179): Archivo de configuracion cerrado
[DEBUG] 20:30:06:582 Consola Log/(26179:26179): Terminando el Log
[INFO] 20:33:36:185 Consola Log/(26753:26753): Se generó correctamente el logger
[INFO] 20:33:36:186 Consola Log/(26753:26753): Se generó correctamente la configuracion
[INFO] 20:33:36:187 Consola Log/(26753:26753): Se generó correctamente la conexion
[INFO] 20:33:36:189 Consola Log/(26753:26753): 127.0.0.1
[INFO] 20:33:36:193 Consola Log/(26753:26753): 8000
[INFO] 20:33:36:212 Consola Log/(26753:26753): Finalizo correctamente el programa
[DEBUG] 20:33:36:213 Consola Log/(26753:26753): Archivo de configuracion cerrado
[DEBUG] 20:33:36:213 Consola Log/(26753:26753): Terminando el Log
[INFO] 20:37:37:942 Consola Log/(27388:27388): Se generó correctamente el logger
[INFO] 20:37:37:943 Consola Log/(27388:27388): Se generó correctamente la configuracion
[INFO] 20:37:37:943 Consola Log/(27388:27388): Se generó correctamente la conexion
[INFO] 20:37:37:945 Consola Log/(27388:27388): 127.0.0.1
[INFO] 20:37:37:945 Consola Log/(27388:27388): 8000
[INFO] 20:37:37:967 Consola Log/(27388:27388): Finalizo correctamente el programa
[DEBUG] 20:37:37:969 Consola Log/(27388:27388): Archivo de configuracion cerrado
[DEBUG] 20:37:37:969 Consola Log/(27388:27388): Terminando el Log
[INFO] 20:44:25:462 Consola Log/(28056:28056): Se generó correctamente el logger
[INFO] 20:44:25:463 Consola Log/(28056:28056): Se generó correctamente la configuracion
[INFO] 20:44:25:464 Consola Log/(28056:28056): Se generó correctamente la conexion
[INFO] 20:44:25:466 Consola Log/(28056:28056): 127.0.0.1
[INFO] 20:44:25:466 Consola Log/(28056:28056): 8000
[INFO] 20:44:25:497 Consola Log/(28056:28056): Finalizo correctamente el programa
[DEBUG] 20:44:25:498 Consola Log/(28056:28056): Archivo de configuracion cerrado
[DEBUG] 20:44:25:499 Consola Log/(28056:28056): Terminando el Log
[INFO] 20:53:51:683 Consola Log/(29258:29258): Se generó correctamente el logger
[INFO] 20:53:51:684 Consola Log/(29258:29258): Se generó correctamente la configuracion
[INFO] 20:53:51:684 Consola Log/(29258:29258): Se generó correctamente la conexion
[INFO] 20:53:51:686 Consola Log/(29258:29258): 127.0.0.1
[INFO] 20:53:51:686 Consola Log/(29258:29258): 8000
[INFO] 20:53:51:708 Consola Log/(29258:29258): Finalizo correctamente el programa
[DEBUG] 20:53:51:709 Consola Log/(29258:29258): Archivo de configuracion cerrado
[DEBUG] 20:53:51:710 Consola Log/(29258:29258): Terminando el Log
[INFO] 18:23:44:929 Consola Log/(15655:15655): Se generó correctamente el logger
[INFO] 18:23:44:930 Consola Log/(15655:15655): Se generó correctamente la configuracion
[INFO] 18:23:44:930 Consola Log/(15655:15655): Se generó correctamente la conexion
[INFO] 18:23:44:933 Consola Log/(15655:15655): 127.0.0.1
[INFO] 18:23:44:933 Consola Log/(15655:15655): 8000
[INFO] 18:23:44:938 Consola Log/(15655:15655): Finalizo correctamente el programa
[DEBUG] 18:23:44:942 Consola Log/(15655:15655): Archivo de configuracion cerrado
[DEBUG] 18:23:44:942 Consola Log/(15655:15655): Terminando el Log
[INFO] 18:41:12:009 Consola Log/(17904:17904): Se generó correctamente el logger
[INFO] 18:41:12:010 Consola Log/(17904:17904): Se generó correctamente la configuracion
[INFO] 18:41:12:011 Consola Log/(17904:17904): Se generó correctamente la conexion
[INFO] 18:41:12:013 Consola Log/(17904:17904): 127.0.0.1
[INFO] 18:41:12:022 Consola Log/(17904:17904): 8000
[INFO] 18:41:12:045 Consola Log/(17904:17904): Finalizo correctamente el programa
[DEBUG] 18:41:12:046 Consola Log/(17904:17904): Archivo de configuracion cerrado
[DEBUG] 18:41:12:046 Consola Log/(17904:17904): Terminando el Log
[INFO] 19:00:13:008 Consola Log/(20252:20252): Se generó correctamente el logger
[INFO] 19:00:13:009 Consola Log/(20252:20252): Se generó correctamente la configuracion
[INFO] 19:00:13:009 Consola Log/(20252:20252): Se generó correctamente la conexion
[INFO] 19:00:13:010 Consola Log/(20252:20252): 127.0.0.1
[INFO] 19:00:13:019 Consola Log/(20252:20252): 8000
[INFO] 19:00:13:029 Consola Log/(20252:20252): Finalizo correctamente el programa
[DEBUG] 19:00:13:032 Consola Log/(20252:20252): Archivo de configuracion cerrado
[DEBUG] 19:00:13:033 Consola Log/(20252:20252): Terminando el Log
[INFO] 19:01:10:143 Consola Log/(20297:20297): Se generó correctamente el logger
[INFO] 19:01:10:144 Consola Log/(20297:20297): Se generó correctamente la configuracion
[INFO] 19:01:10:144 Consola Log/(20297:20297): Se generó correctamente la conexion
[INFO] 19:01:10:144 Consola Log/(20297:20297): 127.0.0.1
[INFO] 19:01:10:145 Consola Log/(20297:20297): 8000
[INFO] 19:01:10:148 Consola Log/(20297:20297): Finalizo correctamente el programa
[DEBUG] 19:01:10:148 Consola Log/(20297:20297): Archivo de configuracion cerrado
[DEBUG] 19:01:10:149 Consola Log/(20297:20297): Terminando el Log
[INFO] 19:01:16:971 Consola Log/(20309:20309): Se generó correctamente el logger
[INFO] 19:01:16:972 Consola Log/(20309:20309): Se generó correctamente la configuracion
[INFO] 19:01:16:972 Consola Log/(20309:20309): Se generó correctamente la conexion
[INFO] 19:01:16:972 Consola Log/(20309:20309): 127.0.0.1
[INFO] 19:01:16:973 Consola Log/(20309:20309): 8000
[INFO] 19:01:16:975 Consola Log/(20309:20309): Finalizo correctamente el programa
[DEBUG] 19:01:16:975 Consola Log/(20309:20309): Archivo de configuracion cerrado
[DEBUG] 19:01:16:975 Consola Log/(20309:20309): Terminando el Log
[INFO] 19:03:51:168 Consola Log/(20660:20660): Se generó correctamente el logger
[INFO] 19:03:51:169 Consola Log/(20660:20660): Se generó correctamente la configuracion
[INFO] 19:03:51:170 Consola Log/(20660:20660): Se generó correctamente la conexion
[INFO] 19:03:51:170 Consola Log/(20660:20660): 127.0.0.1
[INFO] 19:03:51:170 Consola Log/(20660:20660): 8000
[INFO] 19:03:51:177 Consola Log/(20660:20660): Finalizo correctamente el programa
[DEBUG] 19:03:51:178 Consola Log/(20660:20660): Archivo de configuracion cerrado
[DEBUG] 19:03:51:181 Consola Log/(20660:20660): Terminando el Log
[INFO] 19:03:54:102 Consola Log/(20665:20665): Se generó correctamente el logger
[INFO] 19:03:54:103 Consola Log/(20665:20665): Se generó correctamente la configuracion
[INFO] 19:03:54:103 Consola Log/(20665:20665): Se generó correctamente la conexion
[INFO] 19:03:54:104 Consola Log/(20665:20665): 127.0.0.1
[INFO] 19:03:54:104 Consola Log/(20665:20665): 8000
[INFO] 19:03:54:110 Consola Log/(20665:20665): Finalizo correctamente el programa
[DEBUG] 19:03:54:110 Consola Log/(20665:20665): Archivo de configuracion cerrado
[DEBUG] 19:03:54:111 Consola Log/(20665:20665): Terminando el Log
[INFO] 19:21:14:907 Consola Log/(22578:22578): Se generó correctamente el logger
[INFO] 19:21:14:908 Consola Log/(22578:22578): Se generó correctamente la configuracion
[INFO] 19:21:14:908 Consola Log/(22578:22578): Se generó correctamente la conexion
[INFO] 19:21:14:909 Consola Log/(22578:22578): 127.0.0.1
[INFO] 19:21:14:909 Consola Log/(22578:22578): 8000
[INFO] 19:23:20:883 Consola Log/(22578:22578): Finalizo correctamente el programa
[DEBUG] 19:23:20:883 Consola Log/(22578:22578): Archivo de configuracion cerrado
[DEBUG] 19:23:20:884 Consola Log/(22578:22578): Terminando el Log
[INFO] 19:23:27:785 Consola Log/(22773:22773): Se generó correctamente el logger
[INFO] 19:23:27:785 Consola Log/(22773:22773): Se generó correctamente la configuracion
[INFO] 19:23:27:786 Consola Log/(22773:22773): Se generó correctamente la conexion
[INFO] 19:23:27:786 Consola Log/(22773:22773): 127.0.0.1
[INFO] 19:23:27:787 Consola Log/(22773:22773): 8000
[INFO] 20:39:15:505 Consola Log/(31267:31267): Se generó correctamente el logger
[INFO] 20:39:15:507 Consola Log/(31267:31267): Se generó correctamente la configuracion
[INFO] 20:39:15:508 Consola Log/(31267:31267): Se generó correctamente la conexion
[INFO] 20:39:15:508 Consola Log/(31267:31267): 127.0.0.1
[INFO] 20:39:15:509 Consola Log/(31267:31267): 8000
[INFO] 20:40:04:575 Consola Log/(31267:31267): Finalizo correctamente el programa
[DEBUG] 20:40:04:575 Consola Log/(31267:31267): Archivo de configuracion cerrado
[DEBUG] 20:40:04:576 Consola Log/(31267:31267): Terminando el Log
[INFO] 20:41:42:895 Consola Log/(31543:31543): Se generó correctamente el logger
[INFO] 20:41:42:896 Consola Log/(31543:31543): Se generó correctamente la configuracion
[INFO] 20:41:42:897 Consola Log/(31543:31543): Se generó correctamente la conexion
[INFO] 20:41:42:897 Consola Log/(31543:31543): 127.0.0.1
[INFO] 20:41:42:898 Consola Log/(31543:31543): 8000
[INFO] 20:42:08:279 Consola Log/(31543:31543): Finalizo correctamente el programa
[DEBUG] 20:42:08:280 Consola Log/(31543:31543): Archivo de configuracion cerrado
[DEBUG] 20:42:08:280 Consola Log/(31543:31543): Terminando el Log
[INFO] 10:23:32:991 Consola Log/(16227:16227): Se generó correctamente el logger
[INFO] 10:23:32:992 Consola Log/(16227:16227): Se generó correctamente la configuracion
[INFO] 10:23:32:995 Consola Log/(16227:16227): Se generó correctamente la conexion
[INFO] 10:23:32:996 Consola Log/(16227:16227): 127.0.0.1
[INFO] 10:23:32:996 Consola Log/(16227:16227): 8000
[INFO] 10:33:16:921 Consola Log/(17975:17975): Se generó correctamente el logger
[INFO] 10:33:16:922 Consola Log/(17975:17975): Se generó correctamente la configuracion
[INFO] 10:33:16:922 Consola Log/(17975:17975): Se generó correctamente la conexion
[INFO] 10:33:16:923 Consola Log/(17975:17975): 127.0.0.1
[INFO] 10:33:16:923 Consola Log/(17975:17975): 8000
[INFO] 10:33:30:233 Consola Log/(17975:17975): Finalizo correctamente el programa
[DEBUG] 10:33:30:234 Consola Log/(17975:17975): Archivo de configuracion cerrado
[DEBUG] 10:33:30:234 Consola Log/(17975:17975): Terminando el Log
[INFO] 10:43:06:313 Consola Log/(19234:19234): Se generó correctamente el logger
[INFO] 10:43:06:313 Consola Log/(19234:19234): Se generó correctamente la configuracion
[INFO] 10:43:06:314 Consola Log/(19234:19234): Se generó correctamente la conexion
[INFO] 10:43:06:314 Consola Log/(19234:19234): 127.0.0.1
[INFO] 10:43:06:314 Consola Log/(19234:19234): 8000
[INFO] 10:45:01:110 Consola Log/(19234:19234): Finalizo correctamente el programa
[DEBUG] 10:45:01:111 Consola Log/(19234:19234): Archivo de configuracion cerrado
[DEBUG] 10:45:01:111 Consola Log/(19234:19234): Terminando el Log
[INFO] 10:49:16:581 Consola Log/(20476:20476): Se generó correctamente el logger
[INFO] 10:49:16:582 Consola Log/(20476:20476): Se generó correctamente la configuracion
[INFO] 10:49:16:582 Consola Log/(20476:20476): Se generó correctamente la conexion
[INFO] 10:49:16:583 Consola Log/(20476:20476): 127.0.0.1
[INFO] 10:49:16:583 Consola Log/(20476:20476): 8000
[INFO] 10:52:01:355 Consola Log/(21036:21036): Se generó correctamente el logger
[INFO] 10:52:01:355 Consola Log/(21036:21036): Se generó correctamente la configuracion
[INFO] 10:52:01:356 Consola Log/(21036:21036): Se generó correctamente la conexion
[INFO] 10:52:01:356 Consola Log/(21036:21036): 127.0.0.1
[INFO] 10:52:01:356 Consola Log/(21036:21036): 8000
[INFO] 10:52:15:953 Consola Log/(21036:21036): Finalizo correctamente el programa
[DEBUG] 10:52:15:953 Consola Log/(21036:21036): Archivo de configuracion cerrado
[DEBUG] 10:52:15:954 Consola Log/(21036:21036): Terminando el Log
[INFO] 10:53:22:412 Consola Log/(21460:21460): Se generó correctamente el logger
[INFO] 10:53:22:413 Consola Log/(21460:21460): Se generó correctamente la configuracion
[INFO] 10:53:22:414 Consola Log/(21460:21460): Se generó correctamente la conexion
[INFO] 10:53:22:414 Consola Log/(21460:21460): 127.0.0.1
[INFO] 10:53:22:415 Consola Log/(21460:21460): 8000
[INFO] 10:56:54:328 Consola Log/(21460:21460): Finalizo correctamente el programa
[DEBUG] 10:56:54:329 Consola Log/(21460:21460): Archivo de configuracion cerrado
[DEBUG] 10:56:54:329 Consola Log/(21460:21460): Terminando el Log
[INFO] 10:57:05:385 Consola Log/(22162:22162): Se generó correctamente el logger
[INFO] 10:57:05:386 Consola Log/(22162:22162): Se generó correctamente la configuracion
[INFO] 10:57:05:386 Consola Log/(22162:22162): Se generó correctamente la conexion
[INFO] 10:57:05:387 Consola Log/(22162:22162): 127.0.0.1
[INFO] 10:57:05:387 Consola Log/(22162:22162): 8000
[INFO] 10:58:45:005 Consola Log/(22162:22162): Finalizo correctamente el programa
[DEBUG] 10:58:45:005 Consola Log/(22162:22162): Archivo de configuracion cerrado
[DEBUG] 10:58:45:006 Consola Log/(22162:22162): Terminando el Log
[INFO] 10:58:50:078 Consola Log/(22401:22401): Se generó correctamente el logger
[INFO] 10:58:50:078 Consola Log/(22401:22401): Se generó correctamente la configuracion
[INFO] 10:58:50:079 Consola Log/(22401:22401): Se generó correctamente la conexion
[INFO] 10:58:50:079 Consola Log/(22401:22401): 127.0.0.1
[INFO] 10:58:50:079 Consola Log/(22401:22401): 8000
[INFO] 11:02:12:006 Consola Log/(22401:22401): Finalizo correctamente el programa
[DEBUG] 11:02:12:006 Consola Log/(22401:22401): Archivo de configuracion cerrado
[DEBUG] 11:02:12:007 Consola Log/(22401:22401): Terminando el Log
[INFO] 11:02:15:779 Consola Log/(22797:22797): Se generó correctamente el logger
[INFO] 11:02:15:780 Consola Log/(22797:22797): Se generó correctamente la configuracion
[INFO] 11:02:15:780 Consola Log/(22797:22797): Se generó correctamente la conexion
[INFO] 11:02:15:781 Consola Log/(22797:22797): 127.0.0.1
[INFO] 11:02:15:784 Consola Log/(22797:22797): 8000
[INFO] 11:02:31:142 Consola Log/(22797:22797): Finalizo correctamente el programa
[DEBUG] 11:02:31:143 Consola Log/(22797:22797): Archivo de configuracion cerrado
[DEBUG] 11:02:31:143 Consola Log/(22797:22797): Terminando el Log
[INFO] 11:02:34:576 Consola Log/(22828:22828): Se generó correctamente el logger
[INFO] 11:02:34:576 Consola Log/(22828:22828): Se generó correctamente la configuracion
[INFO] 11:02:34:577 Consola Log/(22828:22828): Se generó correctamente la conexion
[INFO] 11:02:34:577 Consola Log/(22828:22828): 127.0.0.1
[INFO] 11:02:34:580 Consola Log/(22828:22828): 8000
[INFO] 11:04:30:926 Consola Log/(22828:22828): Finalizo correctamente el programa
[DEBUG] 11:04:30:927 Consola Log/(22828:22828): Archivo de configuracion cerrado
[DEBUG] 11:04:30:927 Consola Log/(22828:22828): Terminando el Log
[INFO] 11:06:17:261 Consola Log/(23355:23355): Se generó correctamente el logger
[INFO] 11:06:17:261 Consola Log/(23355:23355): Se generó correctamente la configuracion
[INFO] 11:06:17:262 Consola Log/(23355:23355): Se generó correctamente la conexion
[INFO] 11:06:17:262 Consola Log/(23355:23355): 127.0.0.1
[INFO] 11:06:17:265 Consola Log/(23355:23355): 8000
[INFO] 11:06:28:644 Consola Log/(23355:23355): Finalizo correctamente el programa
[DEBUG] 11:06:28:645 Consola Log/(23355:23355): Archivo de configuracion cerrado
[DEBUG] 11:06:28:645 Consola Log/(23355:23355): Terminando el Log
[INFO] 11:06:31:794 Consola Log/(23377:23377): Se generó correctamente el logger
[INFO] 11:06:31:795 Consola Log/(23377:23377): Se generó correctamente la configuracion
[INFO] 11:06:31:795 Consola Log/(23377:23377): Se generó correctamente la conexion
[INFO] 11:06:31:796 Consola Log/(23377:23377): 127.0.0.1
[INFO] 11:06:31:800 Consola Log/(23377:23377): 8000
[INFO] 11:08:55:703 Consola Log/(23377:23377): Finalizo correctamente el programa
[DEBUG] 11:08:55:704 Consola Log/(23377:23377): Archivo de configuracion cerrado
[DEBUG] 11:08:55:704 Consola Log/(23377:23377): Terminando el Log
[INFO] 11:10:29:524 Consola Log/(24007:24007): Se generó correctamente el logger
[INFO] 11:10:29:525 Consola Log/(24007:24007): Se generó correctamente la configuracion
[INFO] 11:10:29:525 Consola Log/(24007:24007): Se generó correctamente la conexion
[INFO] 11:10:29:526 Consola Log/(24007:24007): 127.0.0.1
[INFO] 11:10:29:526 Consola Log/(24007:24007): 8000
[INFO] 11:10:32:524 Consola Log/(24007:24007): Finalizo correctamente el programa
[DEBUG] 11:10:32:524 Consola Log/(24007:24007): Archivo de configuracion cerrado
[DEBUG] 11:10:32:525 Consola Log/(24007:24007): Terminando el Log
[INFO] 11:10:34:517 Consola Log/(24015:24015): Se generó correctamente el logger
[INFO] 11:10:34:518 Consola Log/(24015:24015): Se generó correctamente la configuracion
[INFO] 11:10:34:518 Consola Log/(24015:24015): Se generó correctamente la conexion
[INFO] 11:10:34:519 Consola Log/(24015:24015): 127.0.0.1
[INFO] 11:10:34:519 Consola Log/(24015:24015): 8000
[INFO] 11:12:34:592 Consola Log/(24015:24015): Finalizo correctamente el programa
[DEBUG] 11:12:34:593 Consola Log/(24015:24015): Archivo de configuracion cerrado
[DEBUG] 11:12:34:593 Consola Log/(24015:24015): Terminando el Log
[INFO] 11:12:39:919 Consola Log/(24531:24531): Se generó correctamente el logger
[INFO] 11:12:39:920 Consola Log/(24531:24531): Se generó correctamente la configuracion
[INFO] 11:12:39:921 Consola Log/(24531:24531): Se generó correctamente la conexion
[INFO] 11:12:39:922 Consola Log/(24531:24531): 127.0.0.1
[INFO] 11:12:39:922 Consola Log/(24531:24531): 8000
[INFO] 11:12:44:253 Consola Log/(24531:24531): Finalizo correctamente el programa
[DEBUG] 11:12:44:253 Consola Log/(24531:24531): Archivo de configuracion cerrado
[DEBUG] 11:12:44:254 Consola Log/(24531:24531): Terminando el Log
[INFO] 11:12:47:036 Consola Log/(24539:24539): Se generó correctamente el logger
[INFO] 11:12:47:037 Consola Log/(24539:24539): Se generó correctamente la configuracion
[INFO] 11:12:47:037 Consola Log/(24539:24539): Se generó correctamente la conexion
[INFO] 11:12:47:038 Consola Log/(24539:24539): 127.0.0.1
[INFO] 11:12:47:039 Consola Log/(24539:24539): 8000
[INFO] 11:12:58:536 Consola Log/(24539:24539): Finalizo correctamente el programa
[DEBUG] 11:12:58:537 Consola Log/(24539:24539): Archivo de configuracion cerrado
[DEBUG] 11:12:58:537 Consola Log/(24539:24539): Terminando el Log
[INFO] 11:12:59:588 Consola Log/(24559:24559): Se generó correctamente el logger
[INFO] 11:12:59:589 Consola Log/(24559:24559): Se generó correctamente la configuracion
[INFO] 11:12:59:589 Consola Log/(24559:24559): Se generó correctamente la conexion
[INFO] 11:12:59:590 Consola Log/(24559:24559): 127.0.0.1
[INFO] 11:12:59:590 Consola Log/(24559:24559): 8000
[INFO] 11:14:36:020 Consola Log/(24559:24559): Finalizo correctamente el programa
[DEBUG] 11:14:36:021 Consola Log/(24559:24559): Archivo de configuracion cerrado
[DEBUG] 11:14:36:021 Consola Log/(24559:24559): Terminando el Log
[INFO] 11:15:56:693 Consola Log/(25039:25039): Se generó correctamente el logger
[INFO] 11:15:56:694 Consola Log/(25039:25039): Se generó correctamente la configuracion
[INFO] 11:15:56:694 Consola Log/(25039:25039): Se generó correctamente la conexion
[INFO] 11:15:56:695 Consola Log/(25039:25039): 127.0.0.1
[INFO] 11:15:56:696 Consola Log/(25039:25039): 8000
[INFO] 11:15:59:554 Consola Log/(25039:25039): Finalizo correctamente el programa
[DEBUG] 11:15:59:554 Consola Log/(25039:25039): Archivo de configuracion cerrado
[DEBUG] 11:15:59:554 Consola Log/(25039:25039): Terminando el Log
[INFO] 11:16:03:314 Consola Log/(25050:25050): Se generó correctamente el logger
[INFO] 11:16:03:315 Consola Log/(25050:25050): Se generó correctamente la configuracion
[INFO] 11:16:03:316 Consola Log/(25050:25050): Se generó correctamente la conexion
[INFO] 11:16:03:317 Consola Log/(25050:25050): 127.0.0.1
[INFO] 11:16:03:317 Consola Log/(25050:25050): 8000
[INFO] 11:19:47:900 Consola Log/(25836:25836): Se generó correctamente el logger
[INFO] 11:19:47:900 Consola Log/(25836:25836): Se generó correctamente la configuracion
[INFO] 11:19:47:901 Consola Log/(25836:25836): Se generó correctamente la conexion
[INFO] 11:19:47:901 Consola Log/(25836:25836): 127.0.0.1
[INFO] 11:19:47:901 Consola Log/(25836:25836): 8000
[INFO] 11:19:51:149 Consola Log/(25836:25836): Finalizo correctamente el programa
[DEBUG] 11:19:51:149 Consola Log/(25836:25836): Archivo de configuracion cerrado
[DEBUG] 11:19:51:150 Consola Log/(25836:25836): Terminando el Log
[INFO] 11:19:53:426 Consola Log/(25844:25844): Se generó correctamente el logger
[INFO] 11:19:53:427 Consola Log/(25844:25844): Se generó correctamente la configuracion
[INFO] 11:19:53:427 Consola Log/(25844:25844): Se generó correctamente la conexion
[INFO] 11:19:53:427 Consola Log/(25844:25844): 127.0.0.1
[INFO] 11:19:53:428 Consola Log/(25844:25844): 8000
[INFO] 11:26:49:894 Consola Log/(25844:25844): Finalizo correctamente el programa
[DEBUG] 11:26:49:894 Consola Log/(25844:25844): Archivo de configuracion cerrado
[DEBUG] 11:26:49:895 Consola Log/(25844:25844): Terminando el Log
[INFO] 11:26:51:920 Consola Log/(26575:26575): Se generó correctamente el logger
[INFO] 11:26:51:921 Consola Log/(26575:26575): Se generó correctamente la configuracion
[INFO] 11:26:51:921 Consola Log/(26575:26575): Se generó correctamente la conexion
[INFO] 11:26:51:922 Consola Log/(26575:26575): 127.0.0.1
[INFO] 11:26:51:924 Consola Log/(26575:26575): 8000
[INFO] 11:27:12:326 Consola Log/(26575:26575): Finalizo correctamente el programa
[DEBUG] 11:27:12:327 Consola Log/(26575:26575): Archivo de configuracion cerrado
[DEBUG] 11:27:12:327 Consola Log/(26575:26575): Terminando el Log
[INFO] 11:27:14:115 Consola Log/(26609:26609): Se generó correctamente el logger
[INFO] 11:27:14:115 Consola Log/(26609:26609): Se generó correctamente la configuracion
[INFO] 11:27:14:116 Consola Log/(26609:26609): Se generó correctamente la conexion
[INFO] 11:27:14:116 Consola Log/(26609:26609): 127.0.0.1
[INFO] 11:27:14:125 Consola Log/(26609:26609): 8000
[INFO] 11:29:47:236 Consola Log/(26609:26609): Finalizo correctamente el programa
[DEBUG] 11:29:47:236 Consola Log/(26609:26609): Archivo de configuracion cerrado
[DEBUG] 11:29:47:237 Consola Log/(26609:26609): Terminando el Log
[INFO] 11:30:54:706 Consola Log/(27030:27030): Se generó correctamente el logger
[INFO] 11:30:54:707 Consola Log/(27030:27030): Se generó correctamente la configuracion
[INFO] 11:30:54:707 Consola Log/(27030:27030): Se generó correctamente la conexion
[INFO] 11:30:54:707 Consola Log/(27030:27030): 127.0.0.1
[INFO] 11:30:54:708 Consola Log/(27030:27030): 8000
[INFO] 11:30:57:776 Consola Log/(27030:27030): Finalizo correctamente el programa
[DEBUG] 11:30:57:777 Consola Log/(27030:27030): Archivo de configuracion cerrado
[DEBUG] 11:30:57:777 Consola Log/(27030:27030): Terminando el Log
[INFO] 11:31:01:038 Consola Log/(27041:27041): Se generó correctamente el logger
[INFO] 11:31:01:039 Consola Log/(27041:27041): Se generó correctamente la configuracion
[INFO] 11:31:01:040 Consola Log/(27041:27041): Se generó correctamente la conexion
[INFO] 11:31:01:040 Consola Log/(27041:27041): 127.0.0.1
[INFO] 11:31:01:040 Consola Log/(27041:27041): 8000
[INFO] 11:31:10:185 Consola Log/(27041:27041): Finalizo correctamente el programa
[DEBUG] 11:31:10:186 Consola Log/(27041:27041): Archivo de configuracion cerrado
[DEBUG] 11:31:10:186 Consola Log/(27041:27041): Terminando el Log
[INFO] 16:12:08:360 Consola Log/(15937:15937): Se generó correctamente el logger
[INFO] 16:12:08:361 Consola Log/(15937:15937): Se generó correctamente la configuracion
[INFO] 16:12:08:361 Consola Log/(15937:15937): Se generó correctamente la conexion
[INFO] 16:12:08:362 Consola Log/(15937:15937): 127.0.0.1
[INFO] 16:12:08:362 Consola Log/(15937:15937): 8000
[INFO] 16:12:22:119 Consola Log/(15937:15937): Finalizo correctamente el programa
[DEBUG] 16:12:22:120 Consola Log/(15937:15937): Archivo de configuracion cerrado
[DEBUG] 16:12:22:120 Consola Log/(15937:15937): Terminando el Log
[INFO] 11:53:27:172 Consola Log/(15209:15209): Se generó correctamente el logger
[INFO] 11:53:27:173 Consola Log/(15209:15209): Se generó correctamente la configuracion
[INFO] 11:53:27:173 Consola Log/(15209:15209): Se generó correctamente la conexion
[INFO] 11:53:27:174 Consola Log/(15209:15209): 127.0.0.1
[INFO] 11:53:27:174 Consola Log/(15209:15209): 8000
[INFO] 11:53:47:934 Consola Log/(15209:15209): Finalizo correctamente el programa
[DEBUG] 11:53:47:935 Consola Log/(15209:15209): Archivo de configuracion cerrado
[DEBUG] 11:53:47:935 Consola Log/(15209:15209): Terminando el Log
[INFO] 11:56:37:089 Consola Log/(15588:15588): Se generó correctamente el logger
[INFO] 11:56:37:090 Consola Log/(15588:15588): Se generó correctamente la configuracion
[INFO] 11:56:37:090 Consola Log/(15588:15588): Se generó correctamente la conexion
[INFO] 11:56:37:091 Consola Log/(15588:15588): 127.0.0.1
[INFO] 11:56:37:096 Consola Log/(15588:15588): 8000
[INFO] 11:59:14:307 Consola Log/(15588:15588): Finalizo correctamente el programa
[DEBUG] 11:59:14:308 Consola Log/(15588:15588): Archivo de configuracion cerrado
[DEBUG] 11:59:14:308 Consola Log/(15588:15588): Terminando el Log
[INFO] 12:03:24:397 Consola Log/(16863:16863): Se generó correctamente el logger
[INFO] 12:03:24:397 Consola Log/(16863:16863): Se generó correctamente la configuracion
[INFO] 12:03:24:398 Consola Log/(16863:16863): Se generó correctamente la conexion
[INFO] 12:03:24:398 Consola Log/(16863:16863): 127.0.0.1
[INFO] 12:03:24:398 Consola Log/(16863:16863): 8000
[INFO] 12:03:32:894 Consola Log/(16863:16863): Finalizo correctamente el programa
[DEBUG] 12:03:32:895 Consola Log/(16863:16863): Archivo de configuracion cerrado
[DEBUG] 12:03:32:895 Consola Log/(16863:16863): Terminando el Log
[INFO] 12:05:32:358 Consola Log/(17239:17239): Se generó correctamente el logger
[INFO] 12:05:32:359 Consola Log/(17239:17239): Se generó correctamente la configuracion
[INFO] 12:05:32:360 Consola Log/(17239:17239): Se generó correctamente la conexion
[INFO] 12:05:32:361 Consola Log/(17239:17239): 127.0.0.1
[INFO] 12:05:32:364 Consola Log/(17239:17239): 8000
[INFO] 12:07:48:474 Consola Log/(17239:17239): Finalizo correctamente el programa
[DEBUG] 12:07:48:474 Consola Log/(17239:17239): Archivo de configuracion cerrado
[DEBUG] 12:07:48:475 Consola Log/(17239:17239): Terminando el Log
[INFO] 12:08:00:260 Consola Log/(17488:17488): Se generó correctamente el logger
[INFO] 12:08:00:260 Consola Log/(17488:17488): Se generó correctamente la configuracion
[INFO] 12:08:00:261 Consola Log/(17488:17488): Se generó correctamente la conexion
[INFO] 12:08:00:261 Consola Log/(17488:17488): 127.0.0.1
[INFO] 12:08:00:261 Consola Log/(17488:17488): 8000
[INFO] 12:08:09:148 Consola Log/(17499:17499): Se generó correctamente el logger
[INFO] 12:08:09:148 Consola Log/(17499:17499): Se generó correctamente la configuracion
[INFO] 12:08:09:149 Consola Log/(17499:17499): Se generó correctamente la conexion
[INFO] 12:08:09:149 Consola Log/(17499:17499): 127.0.0.1
[INFO] 12:08:09:149 Consola Log/(17499:17499): 8000
[INFO] 12:09:42:481 Consola Log/(18081:18081): Se generó correctamente el logger
[INFO] 12:09:42:482 Consola Log/(18081:18081): Se generó correctamente la configuracion
[INFO] 12:09:42:482 Consola Log/(18081:18081): Se generó correctamente la conexion
[INFO] 12:09:42:482 Consola Log/(18081:18081): 127.0.0.1
[INFO] 12:09:42:483 Consola Log/(18081:18081): 8000
[INFO] 12:10:05:044 Consola Log/(18081:18081): Finalizo correctamente el programa
[DEBUG] 12:10:05:044 Consola Log/(18081:18081): Archivo de configuracion cerrado
[DEBUG] 12:10:05:045 Consola Log/(18081:18081): Terminando el Log
[INFO] 12:11:33:767 Consola Log/(18337:18337): Se generó correctamente el logger
[INFO] 12:11:33:768 Consola Log/(18337:18337): Se generó correctamente la configuracion
[INFO] 12:11:33:768 Consola Log/(18337:18337): Se generó correctamente la conexion
[INFO] 12:11:33:769 Consola Log/(18337:18337): 127.0.0.1
[INFO] 12:11:33:769 Consola Log/(18337:18337): 8000
[INFO] 12:16:39:166 Consola Log/(19340:19340): Se generó correctamente el logger
[INFO] 12:16:39:166 Consola Log/(19340:19340): Se generó correctamente la configuracion
[INFO] 12:16:39:167 Consola Log/(19340:19340): Se generó correctamente la conexion
[INFO] 12:16:39:167 Consola Log/(19340:19340): 127.0.0.1
[INFO] 12:16:39:167 Consola Log/(19340:19340): 8000
[INFO] 12:16:47:628 Consola Log/(19340:19340): Finalizo correctamente el programa
[DEBUG] 12:16:47:629 Consola Log/(19340:19340): Archivo de configuracion cerrado
[DEBUG] 12:16:47:629 Consola Log/(19340:19340): Terminando el Log
[INFO] 12:16:49:660 Consola Log/(19354:19354): Se generó correctamente el logger
[INFO] 12:16:49:661 Consola Log/(19354:19354): Se generó correctamente la configuracion
[INFO] 12:16:49:661 Consola Log/(19354:19354): Se generó correctamente la conexion
[INFO] 12:16:49:661 Consola Log/(19354:19354): 127.0.0.1
[INFO] 12:16:49:662 Consola Log/(19354:19354): 8000
[INFO] 12:19:22:205 Consola Log/(19659:19659): Se generó correctamente el logger
[INFO] 12:19:22:205 Consola Log/(19659:19659): Se generó correctamente la configuracion
[INFO] 12:19:22:206 Consola Log/(19659:19659): Se generó correctamente la conexion
[INFO] 12:19:22:206 Consola Log/(19659:19659): 127.0.0.1
[INFO] 12:19:22:206 Consola Log/(19659:19659): 8000
[INFO] 12:24:48:096 Consola Log/(20653:20653): Se generó correctamente el logger
[INFO] 12:24:48:097 Consola Log/(20653:20653): Se generó correctamente la configuracion
[INFO] 12:24:48:098 Consola Log/(20653:20653): Se generó correctamente la conexion
[INFO] 12:24:48:098 Consola Log/(20653:20653): 127.0.0.1
[INFO] 12:24:48:099 Consola Log/(20653:20653): 8000
[INFO] 12:30:37:859 Consola Log/(21588:21588): Se generó correctamente el logger
[INFO] 12:30:37:860 Consola Log/(21588:21588): Se generó correctamente la configuracion
[INFO] 12:30:37:860 Consola Log/(21588:21588): Se generó correctamente la conexion
[INFO] 12:30:37:860 Consola Log/(21588:21588): 127.0.0.1
[INFO] 12:30:37:861 Consola Log/(21588:21588): 8000
[INFO] 12:31:08:902 Consola Log/(21588:21588): Finalizo correctamente el programa
[DEBUG] 12:31:08:902 Consola Log/(21588:21588): Archivo de configuracion cerrado
[DEBUG] 12:31:08:902 Consola Log/(21588:21588): Terminando el Log
[INFO] 12:38:15:071 Consola Log/(23309:23309): Se generó correctamente el logger
[INFO] 12:38:15:072 Consola Log/(23309:23309): Se generó correctamente la configuracion
[INFO] 12:38:15:072 Consola Log/(23309:23309): Se generó correctamente la conexion
[INFO] 12:38:15:073 Consola Log/(23309:23309): 127.0.0.1
[INFO] 12:38:15:076 Consola Log/(23309:23309): 8000
[INFO] 12:54:59:668 Consola Log/(23309:23309): Finalizo correctamente el programa
[DEBUG] 12:54:59:668 Consola Log/(23309:23309): Archivo de configuracion cerrado
[DEBUG] 12:54:59:669 Consola Log/(23309:23309): Terminando el Log
[INFO] 12:55:18:074 Consola Log/(25393:25393): Se generó correctamente el logger
[INFO] 12:55:18:075 Consola Log/(25393:25393): Se generó correctamente la configuracion
[INFO] 12:55:18:075 Consola Log/(25393:25393): Se generó correctamente la conexion
[INFO] 12:55:18:075 Consola Log/(25393:25393): 127.0.0.1
[INFO] 12:55:18:076 Consola Log/(25393:25393): 8000
[INFO] 12:55:38:826 Consola Log/(25393:25393): Finalizo correctamente el programa
[DEBUG] 12:55:38:827 Consola Log/(25393:25393): Archivo de configuracion cerrado
[DEBUG] 12:55:38:827 Consola Log/(25393:25393): Terminando el Log
[INFO] 13:13:23:440 Consola Log/(26898:26898): Se generó correctamente el logger
[INFO] 13:13:23:440 Consola Log/(26898:26898): Se generó correctamente la configuracion
[INFO] 13:13:23:441 Consola Log/(26898:26898): Se generó correctamente la conexion
[INFO] 13:13:23:441 Consola Log/(26898:26898): 127.0.0.1
[INFO] 13:13:23:442 Consola Log/(26898:26898): 8000
[INFO] 13:14:28:048 Consola Log/(27308:27308): Se generó correctamente el logger
[INFO] 13:14:28:048 Consola Log/(27308:27308): Se generó correctamente la configuracion
[INFO] 13:14:28:049 Consola Log/(27308:27308): Se generó correctamente la conexion
[INFO] 13:14:28:049 Consola Log/(27308:27308): 127.0.0.1
[INFO] 13:14:28:049 Consola Log/(27308:27308): 8000
[INFO] 13:14:51:962 Consola Log/(27345:27345): Se generó correctamente el logger
[INFO] 13:14:51:962 Consola Log/(27345:27345): Se generó correctamente la configuracion
[INFO] 13:14:51:963 Consola Log/(27345:27345): Se generó correctamente la conexion
[INFO] 13:14:51:964 Consola Log/(27345:27345): 127.0.0.1
[INFO] 13:14:51:964 Consola Log/(27345:27345): 8000
[INFO] 13:16:56:851 Consola Log/(27655:27655): Se generó correctamente el logger
[INFO] 13:16:56:851 Consola Log/(27655:27655): Se generó correctamente la configuracion
[INFO] 13:16:56:852 Consola Log/(27655:27655): Se generó correctamente la conexion
[INFO] 13:16:56:852 Consola Log/(27655:27655): 127.0.0.1
[INFO] 13:16:56:852 Consola Log/(27655:27655): 8000
[INFO] 13:17:48:197 Consola Log/(27795:27795): Se generó correctamente el logger
[INFO] 13:17:48:197 Consola Log/(27795:27795): Se generó correctamente la configuracion
[INFO] 13:17:48:198 Consola Log/(27795:27795): Se generó correctamente la conexion
[INFO] 13:17:48:198 Consola Log/(27795:27795): 127.0.0.1
[INFO] 13:17:48:201 Consola Log/(27795:27795): 8000
[INFO] 13:23:16:925 Consola Log/(27795:27795): Finalizo correctamente el programa
[DEBUG] 13:23:16:926 Consola Log/(27795:27795): Archivo de configuracion cerrado
[DEBUG] 13:23:16:926 Consola Log/(27795:27795): Terminando el Log
[INFO] 13:23:18:415 Consola Log/(29151:29151): Se generó correctamente el logger
[INFO] 13:23:18:416 Consola Log/(29151:29151): Se generó correctamente la configuracion
[INFO] 13:23:18:416 Consola Log/(29151:29151): Se generó correctamente la conexion
[INFO] 13:23:18:417 Consola Log/(29151:29151): 127.0.0.1
[INFO] 13:23:18:423 Consola Log/(29151:29151): 8000
[INFO] 13:23:22:525 Consola Log/(29151:29151): Finalizo correctamente el programa
[DEBUG] 13:23:22:525 Consola Log/(29151:29151): Archivo de configuracion cerrado
[DEBUG] 13:23:22:526 Consola Log/(29151:29151): Terminando el Log
[INFO] 13:23:26:839 Consola Log/(29167:29167): Se generó correctamente el logger
[INFO] 13:23:26:839 Consola Log/(29167:29167): Se generó correctamente la configuracion
[INFO] 13:23:26:840 Consola Log/(29167:29167): Se generó correctamente la conexion
[INFO] 13:23:26:840 Consola Log/(29167:29167): 127.0.0.1
[INFO] 13:23:26:840 Consola Log/(29167:29167): 8000
[INFO] 13:23:28:921 Consola Log/(29167:29167): Finalizo correctamente el programa
[DEBUG] 13:23:28:922 Consola Log/(29167:29167): Archivo de configuracion cerrado
[DEBUG] 13:23:28:922 Consola Log/(29167:29167): Terminando el Log
[INFO] 13:23:47:028 Consola Log/(29206:29206): Se generó correctamente el logger
[INFO] 13:23:47:028 Consola Log/(29206:29206): Se generó correctamente la configuracion
[INFO] 13:23:47:029 Consola Log/(29206:29206): Se generó correctamente la conexion
[INFO] 13:23:47:029 Consola Log/(29206:29206): 127.0.0.1
[INFO] 13:23:47:029 Consola Log/(29206:29206): 8000
[INFO] 13:27:15:795 Consola Log/(30563:30563): Se generó correctamente el logger
[INFO] 13:27:15:795 Consola Log/(30563:30563): Se generó correctamente la configuracion
[INFO] 13:27:15:796 Consola Log/(30563:30563): Se generó correctamente la conexion
[INFO] 13:27:15:796 Consola Log/(30563:30563): 127.0.0.1
[INFO] 13:27:15:796 Consola Log/(30563:30563): 8000
[INFO] 13:27:26:469 Consola Log/(30563:30563): Finalizo correctamente el programa
[DEBUG] 13:27:26:470 Consola Log/(30563:30563): Archivo de configuracion cerrado
[DEBUG] 13:27:26:470 Consola Log/(30563:30563): Terminando el Log
[INFO] 13:27:28:500 Consola Log/(30584:30584): Se generó correctamente el logger
[INFO] 13:27:28:500 Consola Log/(30584:30584): Se generó correctamente la configuracion
[INFO] 13:27:28:500 Consola Log/(30584:30584): Se generó correctamente la conexion
[INFO] 13:27:28:501 Consola Log/(30584:30584): 127.0.0.1
[INFO] 13:27:28:501 Consola Log/(30584:30584): 8000
[INFO] 13:27:33:197 Consola Log/(30584:30584): Finalizo correctamente el programa
[DEBUG] 13:27:33:197 Consola Log/(30584:30584): Archivo de configuracion cerrado
[DEBUG] 13:27:33:197 Consola Log/(30584:30584): Terminando el Log
[INFO] 13:28:42:626 Consola Log/(31089:31089): Se generó correctamente el logger
[INFO] 13:28:42:626 Consola Log/(31089:31089): Se generó correctamente la configuracion
[INFO] 13:28:42:627 Consola Log/(31089:31089): Se generó correctamente la conexion
[INFO] 13:28:42:627 Consola Log/(31089:31089): 127.0.0.1
[INFO] 13:28:42:628 Consola Log/(31089:31089): 8000
[INFO] 13:30:50:830 Consola Log/(31089:31089): Finalizo correctamente el programa
[DEBUG] 13:30:50:830 Consola Log/(31089:31089): Archivo de configuracion cerrado
[DEBUG] 13:30:50:830 Consola Log/(31089:31089): Terminando el Log
[INFO] 13:30:51:941 Consola Log/(31670:31670): Se generó correctamente el logger
[INFO] 13:30:51:942 Consola Log/(31670:31670): Se generó correctamente la configuracion
[INFO] 13:30:51:942 Consola Log/(31670:31670): Se generó correctamente la conexion
[INFO] 13:30:51:943 Consola Log/(31670:31670): 127.0.0.1
[INFO] 13:30:51:943 Consola Log/(31670:31670): 8000
[INFO] 13:31:01:749 Consola Log/(31670:31670): Finalizo correctamente el programa
[DEBUG] 13:31:01:749 Consola Log/(31670:31670): Archivo de configuracion cerrado
[DEBUG] 13:31:01:749 Consola Log/(31670:31670): Terminando el Log
[INFO] 15:26:17:446 Consola Log/(15579:15579): Se generó correctamente el logger
[INFO] 15:26:17:447 Consola Log/(15579:15579): Se generó correctamente la configuracion
[INFO] 15:26:17:447 Consola Log/(15579:15579): Se generó correctamente la conexion
[INFO] 15:26:17:447 Consola Log/(15579:15579): 127.0.0.1
[INFO] 15:26:17:448 Consola Log/(15579:15579): 8000
[INFO] 15:26:51:837 Consola Log/(15579:15579): Finalizo correctamente el programa
[DEBUG] 15:26:51:837 Consola Log/(15579:15579): Archivo de configuracion cerrado
[DEBUG] 15:26:51:837 Consola Log/(15579:15579): Terminando el Log
[INFO] 15:33:26:553 Consola Log/(16941:16941): Se generó correctamente el logger
[INFO] 15:33:26:553 Consola Log/(16941:16941): Se generó correctamente la configuracion
[INFO] 15:33:26:554 Consola Log/(16941:16941): Se generó correctamente la conexion
[INFO] 15:33:26:554 Consola Log/(16941:16941): 127.0.0.1
[INFO] 15:33:26:555 Consola Log/(16941:16941): 8000
[INFO] 15:36:32:855 Consola Log/(16941:16941): Finalizo correctamente el programa
[DEBUG] 15:36:32:855 Consola Log/(16941:16941): Archivo de configuracion cerrado
[DEBUG] 15:36:32:855 Consola Log/(16941:16941): Terminando el Log
[INFO] 15:39:59:723 Consola Log/(17784:17784): Se generó correctamente el logger
[INFO] 15:39:59:723 Consola Log/(17784:17784): Se generó correctamente la configuracion
[INFO] 15:39:59:724 Consola Log/(17784:17784): Se generó correctamente la conexion
[INFO] 15:39:59:724 Consola Log/(17784:17784): 127.0.0.1
[INFO] 15:39:59:730 Consola Log/(17784:17784): 8000
[INFO] 15:44:05:402 Consola Log/(17784:17784): Finalizo correctamente el programa
[DEBUG] 15:44:05:403 Consola Log/(17784:17784): Archivo de configuracion cerrado
[DEBUG] 15:44:05:403 Consola Log/(17784:17784): Terminando el Log
[INFO] 15:44:25:380 Consola Log/(18392:18392): Se generó correctamente el logger
[INFO] 15:44:25:381 Consola Log/(18392:18392): Se generó correctamente la configuracion
[INFO] 15:44:25:381 Consola Log/(18392:18392): Se generó correctamente la conexion
[INFO] 15:44:25:382 Consola Log/(18392:18392): 127.0.0.1
[INFO] 15:44:25:382 Consola Log/(18392:18392): 8000
[INFO] 15:44:27:814 Consola Log/(18395:18395): Se generó correctamente el logger
[INFO] 15:44:27:815 Consola Log/(18395:18395): Se generó correctamente la configuracion
[INFO] 15:44:27:815 Consola Log/(18395:18395): Se generó correctamente la conexion
[INFO] 15:44:27:815 Consola Log/(18395:18395): 127.0.0.1
[INFO] 15:44:27:816 Consola Log/(18395:18395): 8000
[INFO] 15:44:29:620 Consola Log/(18401:18401): Se generó correctamente el logger
[INFO] 15:44:29:621 Consola Log/(18401:18401): Se generó correctamente la configuracion
[INFO] 15:44:29:621 Consola Log/(18401:18401): Se generó correctamente la conexion
[INFO] 15:44:29:621 Consola Log/(18401:18401): 127.0.0.1
[INFO] 15:44:29:621 Consola Log/(18401:18401): 8000
[INFO] 15:44:39:888 Consola Log/(18411:18411): Se generó correctamente el logger
[INFO] 15:44:39:889 Consola Log/(18411:18411): Se generó correctamente la configuracion
[INFO] 15:44:39:889 Consola Log/(18411:18411): Se generó correctamente la conexion
[INFO] 15:44:39:889 Consola Log/(18411:18411): 127.0.0.1
[INFO] 15:44:39:890 Consola Log/(18411:18411): 8000
[INFO] 15:44:50:640 Consola Log/(18723:18723): Se generó correctamente el logger
[INFO] 15:44:50:641 Consola Log/(18723:18723): Se generó correctamente la configuracion
[INFO] 15:44:50:641 Consola Log/(18723:18723): Se generó correctamente la conexion
[INFO] 15:44:50:642 Consola Log/(18723:18723): 127.0.0.1
[INFO] 15:44:50:642 Consola Log/(18723:18723): 8000
[INFO] 15:45:09:411 Consola Log/(18740:18740): Se generó correctamente el logger
[INFO] 15:45:09:411 Consola Log/(18740:18740): Se generó correctamente la configuracion
[INFO] 15:45:09:412 Consola Log/(18740:18740): Se generó correctamente la conexion
[INFO] 15:45:09:412 Consola Log/(18740:18740): 127.0.0.1
[INFO] 15:45:09:412 Consola Log/(18740:18740): 8000
[INFO] 15:45:32:820 Consola Log/(18797:18797): Se generó correctamente el logger
[INFO] 15:45:32:821 Consola Log/(18797:18797): Se generó correctamente la configuracion
[INFO] 15:45:32:821 Consola Log/(18797:18797): Se generó correctamente la conexion
[INFO] 15:45:32:822 Consola Log/(18797:18797): 127.0.0.1
[INFO] 15:45:32:822 Consola Log/(18797:18797): 8000
[INFO] 15:45:40:418 Consola Log/(18797:18797): Finalizo correctamente el programa
[DEBUG] 15:45:40:418 Consola Log/(18797:18797): Archivo de configuracion cerrado
[DEBUG] 15:45:40:419 Consola Log/(18797:18797): Terminando el Log
[INFO] 15:46:18:106 Consola Log/(19174:19174): Se generó correctamente el logger
[INFO] 15:46:18:107 Consola Log/(19174:19174): Se generó correctamente la configuracion
[INFO] 15:46:18:107 Consola Log/(19174:19174): Se generó correctamente la conexion
[INFO] 15:46:18:107 Consola Log/(19174:19174): 127.0.0.1
[INFO] 15:46:18:108 Consola Log/(19174:19174): 8000
[INFO] 15:53:34:853 Consola Log/(19999:19999): Se generó correctamente el logger
[INFO] 15:53:34:853 Consola Log/(19999:19999): Se generó correctamente la configuracion
[INFO] 15:53:34:853 Consola Log/(19999:19999): Se generó correctamente la conexion
[INFO] 15:53:34:854 Consola Log/(19999:19999): 127.0.0.1
[INFO] 15:53:34:859 Consola Log/(19999:19999): 8000
[INFO] 15:54:56:866 Consola Log/(19999:19999): Finalizo correctamente el programa
[DEBUG] 15:54:56:866 Consola Log/(19999:19999): Archivo de configuracion cerrado
[DEBUG] 15:54:56:866 Consola Log/(19999:19999): Terminando el Log
[INFO] 15:55:06:401 Consola Log/(20106:20106): Se generó correctamente el logger
[INFO] 15:55:06:402 Consola Log/(20106:20106): Se generó correctamente la configuracion
[INFO] 15:55:06:402 Consola Log/(20106:20106): Se generó correctamente la conexion
[INFO] 15:55:06:403 Consola Log/(20106:20106): 127.0.0.1
[INFO] 15:55:06:409 Consola Log/(20106:20106): 8000
[INFO] 17:34:20:131 Consola Log/(17339:17339): Se generó correctamente el logger
[INFO] 17:34:20:131 Consola Log/(17339:17339): Se generó correctamente la configuracion
[INFO] 17:34:20:132 Consola Log/(17339:17339): Se generó correctamente la conexion
[INFO] 17:34:20:132 Consola Log/(17339:17339): 127.0.0.1
[INFO] 17:34:20:136 Consola Log/(17339:17339): 8000
[INFO] 17:35:34:902 Consola Log/(17339:17339): Finalizo correctamente el programa
[DEBUG] 17:35:34:903 Consola Log/(17339:17339): Archivo de configuracion cerrado
[DEBUG] 17:35:34:903 Consola Log/(17339:17339): Terminando el Log
[INFO] 17:37:20:705 Consola Log/(17792:17792): Se generó correctamente el logger
[INFO] 17:37:20:706 Consola Log/(17792:17792): Se generó correctamente la configuracion
[INFO] 17:37:20:707 Consola Log/(17792:17792): Se generó correctamente la conexion
[INFO] 17:37:20:712 Consola Log/(17792:17792): 127.0.0.1
[INFO] 17:37:20:713 Consola Log/(17792:17792): 8000
[INFO] 17:38:38:754 Consola Log/(17792:17792): Finalizo correctamente el programa
[DEBUG] 17:38:38:755 Consola Log/(17792:17792): Archivo de configuracion cerrado
[DEBUG] 17:38:38:755 Consola Log/(17792:17792): Terminando el Log
[INFO] 17:38:40:573 Consola Log/(17977:17977): Se generó correctamente el logger
[INFO] 17:38:40:573 Consola Log/(17977:17977): Se generó correctamente la configuracion
[INFO] 17:38:40:574 Consola Log/(17977:17977): Se generó correctamente la conexion
[INFO] 17:38:40:574 Consola Log/(17977:17977): 127.0.0.1
[INFO] 17:38:40:578 Consola Log/(17977:17977): 8000
[INFO] 17:40:28:351 Consola Log/(17977:17977): Finalizo correctamente el programa
[DEBUG] 17:40:28:352 Consola Log/(17977:17977): Archivo de configuracion cerrado
[DEBUG] 17:40:28:352 Consola Log/(17977:17977): Terminando el Log
[INFO] 17:40:30:351 Consola Log/(18099:18099): Se generó correctamente el logger
[INFO] 17:40:30:352 Consola Log/(18099:18099): Se generó correctamente la configuracion
[INFO] 17:40:30:352 Consola Log/(18099:18099): Se generó correctamente la conexion
[INFO] 17:40:30:353 Consola Log/(18099:18099): 127.0.0.1
[INFO] 17:40:30:357 Consola Log/(18099:18099): 8000
[INFO] 17:43:37:592 Consola Log/(18099:18099): Finalizo correctamente el programa
[DEBUG] 17:43:37:593 Consola Log/(18099:18099): Archivo de configuracion cerrado
[DEBUG] 17:43:37:593 Consola Log/(18099:18099): Terminando el Log
[INFO] 17:43:39:131 Consola Log/(18733:18733): Se generó correctamente el logger
[INFO] 17:43:39:132 Consola Log/(18733:18733): Se generó correctamente la configuracion
[INFO] 17:43:39:132 Consola Log/(18733:18733): Se generó correctamente la conexion
[INFO] 17:43:39:133 Consola Log/(18733:18733): 127.0.0.1
[INFO] 17:43:39:133 Consola Log/(18733:18733): 8000
[INFO] 17:43:43:739 Consola Log/(18733:18733): Finalizo correctamente el programa
[DEBUG] 17:43:43:739 Consola Log/(18733:18733): Archivo de configuracion cerrado
[DEBUG] 17:43:43:740 Consola Log/(18733:18733): Terminando el Log
[INFO] 17:43:45:094 Consola Log/(18740:18740): Se generó correctamente el logger
[INFO] 17:43:45:095 Consola Log/(18740:18740): Se generó correctamente la configuracion
[INFO] 17:43:45:095 Consola Log/(18740:18740): Se generó correctamente la conexion
[INFO] 17:43:45:095 Consola Log/(18740:18740): 127.0.0.1
[INFO] 17:43:45:096 Consola Log/(18740:18740): 8000
[INFO] 17:43:50:198 Consola Log/(18740:18740): Finalizo correctamente el programa
[DEBUG] 17:43:50:199 Consola Log/(18740:18740): Archivo de configuracion cerrado
[DEBUG] 17:43:50:199 Consola Log/(18740:18740): Terminando el Log
[INFO] 17:43:52:584 Consola Log/(18752:18752): Se generó correctamente el logger
[INFO] 17:43:52:584 Consola Log/(18752:18752): Se generó correctamente la configuracion
[INFO] 17:43:52:584 Consola Log/(18752:18752): Se generó correctamente la conexion
[INFO] 17:43:52:585 Consola Log/(18752:18752): 127.0.0.1
[INFO] 17:43:52:585 Consola Log/(18752:18752): 8000
[INFO] 17:43:58:504 Consola Log/(18752:18752): Finalizo correctamente el programa
[DEBUG] 17:43:58:505 Consola Log/(18752:18752): Archivo de configuracion cerrado
[DEBUG] 17:43:58:505 Consola Log/(18752:18752): Terminando el Log
[INFO] 23:09:02:946 Consola Log/(19295:19295): Se generó correctamente el logger
[INFO] 23:09:02:948 Consola Log/(19295:19295): Se generó correctamente la configuracion
[INFO] 23:09:02:948 Consola Log/(19295:19295): Se generó correctamente la conexion
[INFO] 23:09:02:949 Consola Log/(19295:19295): 127.0.0.1
[INFO] 23:09:02:949 Consola Log/(19295:19295): 8000
[INFO] 23:21:02:856 Consola Log/(19295:19295): Finalizo correctamente el programa
[DEBUG] 23:21:02:864 Consola Log/(19295:19295): Archivo de configuracion cerrado
[DEBUG] 23:21:02:865 Consola Log/(19295:19295): Terminando el Log
[INFO] 23:21:06:434 Consola Log/(20024:20024): Se generó correctamente el logger
[INFO] 23:21:06:435 Consola Log/(20024:20024): Se generó correctamente la configuracion
[INFO] 23:21:06:436 Consola Log/(20024:20024): Se generó correctamente la conexion
[INFO] 23:21:06:436 Consola Log/(20024:20024): 127.0.0.1
[INFO] 23:21:06:437 Consola Log/(20024:20024): 8000
[INFO] 00:13:45:566 Consola Log/(26338:26338): Se generó correctamente el logger
[INFO] 00:13:45:567 Consola Log/(26338:26338): Se generó correctamente la configuracion
[INFO] 00:13:45:568 Consola Log/(26338:26338): Se generó correctamente la conexion
[INFO] 00:13:45:568 Consola Log/(26338:26338): 127.0.0.1
[INFO] 00:13:45:569 Consola Log/(26338:26338): 8000
[INFO] 00:14:04:774 Consola Log/(26338:26338): Finalizo correctamente el programa
[DEBUG] 00:14:04:774 Consola Log/(26338:26338): Archivo de configuracion cerrado
[DEBUG] 00:14:04:775 Consola Log/(26338:26338): Terminando el Log
[INFO] 01:22:05:768 Consola Log/(1315:1315): Se generó correctamente el logger
[INFO] 01:22:05:768 Consola Log/(1315:1315): Se generó correctamente la configuracion
[INFO] 01:22:05:769 Consola Log/(1315:1315): Se generó correctamente la conexion
[INFO] 01:22:05:769 Consola Log/(1315:1315): 127.0.0.1
[INFO] 01:22:05:770 Consola Log/(1315:1315): 8000
[INFO] 01:22:22:014 Consola Log/(1315:1315): Finalizo correctamente el programa
[DEBUG] 01:22:22:014 Consola Log/(1315:1315): Archivo de configuracion cerrado
[DEBUG] 01:22:22:014 Consola Log/(1315:1315): Terminando el Log
