[INFO] 11:26:35:254 Kernel Log/(26485:26485): Servidor listo para recibir al cliente
[INFO] 11:26:43:081 Kernel Log/(26560:26560): Servidor listo para recibir al cliente
[INFO] 11:26:51:921 Kernel Log/(26485:26533): Se conecto un cliente!
[INFO] 11:27:05:316 Kernel Log/(26485:26576): Recibi un paquete de consola
[INFO] 11:27:05:317 Kernel Log/(26485:26576): Se arm贸 un PCB correctamente
[INFO] 11:27:06:206 Kernel Log/(26485:26576): Generando paquete PCB ...
[DEBUG] 11:27:06:207 Kernel Log/(26485:26531): Recibi un paquete con un PCB
[WARNING] 11:27:12:327 Kernel Log/(26485:26576): el cliente se desconecto. Terminando servidor
[INFO] 11:27:14:116 Kernel Log/(26485:26533): Se conecto un cliente!
[INFO] 11:27:18:706 Kernel Log/(26485:26610): Recibi un paquete de consola
[INFO] 11:27:18:707 Kernel Log/(26485:26610): Se arm贸 un PCB correctamente
[WARNING] 11:29:43:365 Kernel Log/(26560:26561): el cliente se desconecto. Terminando servidor
[DEBUG] 11:29:43:366 Kernel Log/(26560:26561): SE CREO UN THREAD DE CPU
[DEBUG] 11:29:51:751 Kernel Log/(26560:26560): Archivo de configuracion cerrado
[DEBUG] 11:29:51:752 Kernel Log/(26560:26560): Terminando el Log
[INFO] 11:30:42:674 Kernel Log/(27006:27006): Servidor listo para recibir al cliente
[WARNING] 11:30:42:674 Kernel Log/(27006:27007): el cliente se desconecto. Terminando servidor
[DEBUG] 11:30:42:675 Kernel Log/(27006:27007): SE CREO UN THREAD DE CPU
[DEBUG] 11:30:45:114 Kernel Log/(27006:27006): Archivo de configuracion cerrado
[DEBUG] 11:30:45:114 Kernel Log/(27006:27006): Terminando el Log
[INFO] 11:30:52:047 Kernel Log/(27024:27024): Servidor listo para recibir al cliente
[INFO] 11:30:54:707 Kernel Log/(27024:27026): Se conecto un cliente!
[INFO] 11:30:54:712 Kernel Log/(27024:27031): Recibi un paquete de consola
[INFO] 11:30:54:712 Kernel Log/(27024:27031): Se arm贸 un PCB correctamente
[INFO] 11:30:54:713 Kernel Log/(27024:27031): Imprimiendo PCB recibido por Consola ...
[INFO] 11:30:54:714 Kernel Log/(27024:27031): Generando paquete PCB ...
[DEBUG] 11:30:54:715 Kernel Log/(27024:27025): Recibi un paquete con un PCB
[WARNING] 11:30:57:777 Kernel Log/(27024:27031): el cliente se desconecto. Terminando servidor
[INFO] 11:31:01:039 Kernel Log/(27024:27026): Se conecto un cliente!
[INFO] 11:31:01:043 Kernel Log/(27024:27042): Recibi un paquete de consola
[INFO] 11:31:01:044 Kernel Log/(27024:27042): Se arm贸 un PCB correctamente
