==10044== Memcheck, a memory error detector
==10044== Copyright (C) 2002-2015, and GNU GPL'd, by Julian Seward et al.
==10044== Using Valgrind-3.11.0 and LibVEX; rerun with -h for copyright info
==10044== Command: ./bin/kernel.out
==10044== Parent PID: 10043
==10044== 
==10044== 
==10044== Process terminating with default action of signal 2 (SIGINT)
==10044==    at 0x40AF264: accept (accept.c:35)
==10044==    by 0x8049824: esperar_cliente (utils.c:183)
==10044==    by 0x804911F: manejar_consolas (main.c:58)
==10044==    by 0x40A6294: start_thread (pthread_create.c:333)
==10044==    by 0x41A51CD: clone (clone.S:114)
==10044== 
==10044== HEAP SUMMARY:
==10044==     in use at exit: 65,431 bytes in 227 blocks
==10044==   total heap usage: 442 allocs, 215 frees, 2,183,722 bytes allocated
==10044== 
==10044== 136 bytes in 1 blocks are possibly lost in loss record 23 of 50
==10044==    at 0x402E0B8: calloc (in /usr/lib/valgrind/vgpreload_memcheck-x86-linux.so)
==10044==    by 0x4011726: allocate_dtv (dl-tls.c:322)
==10044==    by 0x401214B: _dl_allocate_tls (dl-tls.c:539)
==10044==    by 0x40A6CC3: allocate_stack (allocatestack.c:588)
==10044==    by 0x40A6CC3: pthread_create@@GLIBC_2.1 (pthread_create.c:539)
==10044==    by 0x8048FD2: main (main.c:13)
==10044== 
==10044== LEAK SUMMARY:
==10044==    definitely lost: 0 bytes in 0 blocks
==10044==    indirectly lost: 0 bytes in 0 blocks
==10044==      possibly lost: 136 bytes in 1 blocks
==10044==    still reachable: 65,295 bytes in 226 blocks
==10044==         suppressed: 0 bytes in 0 blocks
==10044== Reachable blocks (those to which a pointer was found) are not shown.
==10044== To see them, rerun with: --leak-check=full --show-leak-kinds=all
==10044== 
==10044== For counts of detected and suppressed errors, rerun with: -v
==10044== ERROR SUMMARY: 1 errors from 1 contexts (suppressed: 0 from 0)
